[ 2013-09-06 11:44:43.0555 52609/0x7fff70a2a180 agents/Watchdog/Main.cpp:459 ]: Options: { 'analytics_log_user' => 'nobody', 'default_group' => 'staff', 'default_python' => 'python', 'default_ruby' => '/Users/tom/.rvm/wrappers/ruby-2.0.0-p195/ruby', 'default_user' => 'tom', 'log_level' => '0', 'max_instances_per_app' => '0', 'max_pool_size' => '6', 'passenger_root' => '/var/folders/42/ykrjk1wn3_x7px2nsg_n7bnw0000gn/T/passenger-standalone.145nfdb/locations.ini', 'pool_idle_time' => '300', 'prestart_urls' => 'aHR0cDovLzAuMC4wLjA6MzAwMAA=', 'temp_dir' => '/tmp', 'union_station_gateway_address' => 'gateway.unionstationapp.com', 'union_station_gateway_port' => '443', 'user_switching' => 'false', 'web_server_pid' => '52608', 'web_server_type' => 'nginx', 'web_server_worker_gid' => '-1', 'web_server_worker_uid' => '-1' }
[ 2013-09-06 11:44:43.0689 52611/0x7fff70a2a180 agents/HelperAgent/Main.cpp:602 ]: PassengerHelperAgent online, listening at unix:/tmp/passenger.1.0.52608/generation-0/request
[ 2013-09-06 11:44:43.0764 52613/0x7fff70a2a180 agents/LoggingAgent/Main.cpp:334 ]: PassengerLoggingAgent online, listening at unix:/tmp/passenger.1.0.52608/generation-0/logging
[ 2013-09-06 11:44:43.0766 52609/0x7fff70a2a180 agents/Watchdog/Main.cpp:642 ]: All Phusion Passenger agents started!
[ 2013-09-06 11:44:45.1541 52611/0x10a217000 Pool2/Spawner.h:738 ]: [App 52637 stdout] 
[ 2013-09-06 11:44:45.2398 52611/0x10a22a000 Pool2/Spawner.h:159 ]: [App 52637 stderr] *** Phusion Passenger: no passenger_native_support.bundle found for the current Ruby interpreter. Compiling one...
[ 2013-09-06 11:44:45.2398 52611/0x10a22a000 Pool2/Spawner.h:159 ]: [App 52637 stderr] # mkdir -p /var/folders/42/ykrjk1wn3_x7px2nsg_n7bnw0000gn/T/passenger-standalone.145nfdb/locations.ini/buildout/ruby/ruby-2.0.0-x86_64-macosx
[ 2013-09-06 11:44:45.2401 52611/0x10a22a000 Pool2/Spawner.h:159 ]: [App 52637 stderr] Not a valid directory. Trying a different one...
[ 2013-09-06 11:44:45.2401 52611/0x10a22a000 Pool2/Spawner.h:159 ]: [App 52637 stderr] -------------------------------
[ 2013-09-06 11:44:45.2401 52611/0x10a22a000 Pool2/Spawner.h:159 ]: [App 52637 stderr] 
[ 2013-09-06 11:44:45.2402 52611/0x10a22a000 Pool2/Spawner.h:159 ]: [App 52637 stderr] # mkdir -p /Users/tom/.passenger/native_support/4.0.13/ruby-2.0.0-x86_64-macosx
[ 2013-09-06 11:44:45.2406 52611/0x10a22a000 Pool2/Spawner.h:159 ]: [App 52637 stderr] # cd /Users/tom/.passenger/native_support/4.0.13/ruby-2.0.0-x86_64-macosx
[ 2013-09-06 11:44:45.2408 52611/0x10a22a000 Pool2/Spawner.h:159 ]: [App 52637 stderr] # /Users/tom/.rvm/wrappers/ruby-2.0.0-p195/ruby '/Users/tom/.rvm/gems/ruby-2.0.0-p195/gems/passenger-4.0.13/ext/ruby/extconf.rb'
[ 2013-09-06 11:44:45.3546 52611/0x10a217000 Pool2/Spawner.h:738 ]: [App 52637 stdout] checking for alloca.h... yes
[ 2013-09-06 11:44:45.3766 52611/0x10a217000 Pool2/Spawner.h:738 ]: [App 52637 stdout] checking for ruby/io.h... yes
[ 2013-09-06 11:44:45.3766 52611/0x10a217000 Pool2/Spawner.h:738 ]: [App 52637 stdout] creating Makefile
[ 2013-09-06 11:44:45.3828 52611/0x10a22a000 Pool2/Spawner.h:159 ]: [App 52637 stderr] # make
[ 2013-09-06 11:44:45.3876 52611/0x10a217000 Pool2/Spawner.h:738 ]: [App 52637 stdout] compiling /Users/tom/.rvm/gems/ruby-2.0.0-p195/gems/passenger-4.0.13/ext/ruby/passenger_native_support.c
[ 2013-09-06 11:44:45.4240 52611/0x10a22a000 Pool2/Spawner.h:159 ]: [App 52637 stderr] /Users/tom/.rvm/gems/ruby-2.0.0-p195/gems/passenger-4.0.13/ext/ruby/passenger_native_support.c: In function 'f_generic_writev':
[ 2013-09-06 11:44:45.4241 52611/0x10a22a000 Pool2/Spawner.h:159 ]: [App 52637 stderr] /Users/tom/.rvm/gems/ruby-2.0.0-p195/gems/passenger-4.0.13/ext/ruby/passenger_native_support.c:314: warning: 'rb_thread_blocking_region' is deprecated (declared at /Users/tom/.rvm/rubies/ruby-2.0.0-p195/include/ruby-2.0.0/ruby/intern.h:835)
[ 2013-09-06 11:44:45.4263 52611/0x10a22a000 Pool2/Spawner.h:159 ]: [App 52637 stderr] /Users/tom/.rvm/gems/ruby-2.0.0-p195/gems/passenger-4.0.13/ext/ruby/passenger_native_support.c: In function 'fs_watcher_read_byte_from_fd':
[ 2013-09-06 11:44:45.4263 52611/0x10a22a000 Pool2/Spawner.h:159 ]: [App 52637 stderr] /Users/tom/.rvm/gems/ruby-2.0.0-p195/gems/passenger-4.0.13/ext/ruby/passenger_native_support.c:733: warning: 'rb_thread_blocking_region' is deprecated (declared at /Users/tom/.rvm/rubies/ruby-2.0.0-p195/include/ruby-2.0.0/ruby/intern.h:835)
[ 2013-09-06 11:44:45.4969 52611/0x10a217000 Pool2/Spawner.h:738 ]: [App 52637 stdout] linking shared-object passenger_native_support.bundle
[ 2013-09-06 11:44:45.5145 52611/0x10a22a000 Pool2/Spawner.h:159 ]: [App 52637 stderr] Compilation succesful.
[ 2013-09-06 11:44:45.5145 52611/0x10a22a000 Pool2/Spawner.h:159 ]: [App 52637 stderr] -------------------------------
[ 2013-09-06 11:44:45.9449 52611/0x10a217000 Pool2/Implementation.cpp:767 ]: Could not spawn process for group /Users/tom/Develop/citysdk/discovery#default: An error occured while starting up the preloader.
     in 'void Passenger::ApplicationPool2::SmartSpawner::handleErrorResponse(Passenger::ApplicationPool2::SmartSpawner::StartupDetails &)' (SmartSpawner.h:455)
     in 'string Passenger::ApplicationPool2::SmartSpawner::negotiatePreloaderStartup(Passenger::ApplicationPool2::SmartSpawner::StartupDetails &)' (SmartSpawner.h:558)
     in 'void Passenger::ApplicationPool2::SmartSpawner::startPreloader()' (SmartSpawner.h:206)
     in 'virtual ProcessPtr Passenger::ApplicationPool2::SmartSpawner::spawn(const Passenger::ApplicationPool2::Options &)' (SmartSpawner.h:744)
     in 'void Passenger::ApplicationPool2::Group::spawnThreadRealMain(const SpawnerPtr &, const Passenger::ApplicationPool2::Options &, unsigned int)' (Implementation.cpp:700)

[ 2013-09-06 11:44:45.9450 52611/0x10a1d4000 agents/HelperAgent/RequestHandler.h:1900 ]: [Client 21] Cannot checkout session. An error occured while starting up the preloader.
Error page:
cannot load such file -- sinatra/sequel (LoadError)
  /Users/tom/Develop/citysdk/discovery/cat.rb:5:in `require'
  /Users/tom/Develop/citysdk/discovery/cat.rb:5:in `<top (required)>'
  config.ru:6:in `require'
  config.ru:6:in `block in <main>'
  /Users/tom/.rvm/gems/ruby-2.0.0-p195/gems/rack-1.5.2/lib/rack/builder.rb:55:in `instance_eval'
  /Users/tom/.rvm/gems/ruby-2.0.0-p195/gems/rack-1.5.2/lib/rack/builder.rb:55:in `initialize'
  config.ru:1:in `new'
  config.ru:1:in `<main>'
  /Users/tom/.rvm/gems/ruby-2.0.0-p195/gems/passenger-4.0.13/helper-scripts/rack-preloader.rb:82:in `eval'
  /Users/tom/.rvm/gems/ruby-2.0.0-p195/gems/passenger-4.0.13/helper-scripts/rack-preloader.rb:82:in `preload_app'
  /Users/tom/.rvm/gems/ruby-2.0.0-p195/gems/passenger-4.0.13/helper-scripts/rack-preloader.rb:127:in `<module:App>'
  /Users/tom/.rvm/gems/ruby-2.0.0-p195/gems/passenger-4.0.13/helper-scripts/rack-preloader.rb:6:in `<module:PhusionPassenger>'
  /Users/tom/.rvm/gems/ruby-2.0.0-p195/gems/passenger-4.0.13/helper-scripts/rack-preloader.rb:5:in `<main>'

[ 2013-09-06 11:45:41.2761 52881/0x7fff70a2a180 agents/Watchdog/Main.cpp:459 ]: Options: { 'analytics_log_user' => 'nobody', 'default_group' => 'staff', 'default_python' => 'python', 'default_ruby' => '/Users/tom/.rvm/wrappers/ruby-2.0.0-p195/ruby', 'default_user' => 'tom', 'log_level' => '0', 'max_instances_per_app' => '0', 'max_pool_size' => '6', 'passenger_root' => '/var/folders/42/ykrjk1wn3_x7px2nsg_n7bnw0000gn/T/passenger-standalone.1llqc8f/locations.ini', 'pool_idle_time' => '300', 'prestart_urls' => 'aHR0cDovLzAuMC4wLjA6MzAwMAA=', 'temp_dir' => '/tmp', 'union_station_gateway_address' => 'gateway.unionstationapp.com', 'union_station_gateway_port' => '443', 'user_switching' => 'false', 'web_server_pid' => '52880', 'web_server_type' => 'nginx', 'web_server_worker_gid' => '-1', 'web_server_worker_uid' => '-1' }
[ 2013-09-06 11:45:41.2892 52883/0x7fff70a2a180 agents/HelperAgent/Main.cpp:602 ]: PassengerHelperAgent online, listening at unix:/tmp/passenger.1.0.52880/generation-0/request
[ 2013-09-06 11:45:41.2947 52885/0x7fff70a2a180 agents/LoggingAgent/Main.cpp:334 ]: PassengerLoggingAgent online, listening at unix:/tmp/passenger.1.0.52880/generation-0/logging
[ 2013-09-06 11:45:41.2949 52881/0x7fff70a2a180 agents/Watchdog/Main.cpp:642 ]: All Phusion Passenger agents started!
[ 2013-09-06 11:45:43.3463 52883/0x1091ec000 Pool2/Spawner.h:738 ]: [App 52910 stdout] 
[ 2013-09-06 11:45:43.8922 52883/0x1091ec000 Pool2/Implementation.cpp:767 ]: Could not spawn process for group /Users/tom/Develop/citysdk/discovery#default: An error occured while starting up the preloader.
     in 'void Passenger::ApplicationPool2::SmartSpawner::handleErrorResponse(Passenger::ApplicationPool2::SmartSpawner::StartupDetails &)' (SmartSpawner.h:455)
     in 'string Passenger::ApplicationPool2::SmartSpawner::negotiatePreloaderStartup(Passenger::ApplicationPool2::SmartSpawner::StartupDetails &)' (SmartSpawner.h:558)
     in 'void Passenger::ApplicationPool2::SmartSpawner::startPreloader()' (SmartSpawner.h:206)
     in 'virtual ProcessPtr Passenger::ApplicationPool2::SmartSpawner::spawn(const Passenger::ApplicationPool2::Options &)' (SmartSpawner.h:744)
     in 'void Passenger::ApplicationPool2::Group::spawnThreadRealMain(const SpawnerPtr &, const Passenger::ApplicationPool2::Options &, unsigned int)' (Implementation.cpp:700)

[ 2013-09-06 11:45:43.8924 52883/0x1091a9000 agents/HelperAgent/RequestHandler.h:1900 ]: [Client 21] Cannot checkout session. An error occured while starting up the preloader.
Error page:
cannot load such file -- sinatra/session (LoadError)
  /Users/tom/Develop/citysdk/discovery/cat.rb:6:in `require'
  /Users/tom/Develop/citysdk/discovery/cat.rb:6:in `<top (required)>'
  config.ru:6:in `require'
  config.ru:6:in `block in <main>'
  /Users/tom/.rvm/gems/ruby-2.0.0-p195/gems/rack-1.5.2/lib/rack/builder.rb:55:in `instance_eval'
  /Users/tom/.rvm/gems/ruby-2.0.0-p195/gems/rack-1.5.2/lib/rack/builder.rb:55:in `initialize'
  config.ru:1:in `new'
  config.ru:1:in `<main>'
  /Users/tom/.rvm/gems/ruby-2.0.0-p195/gems/passenger-4.0.13/helper-scripts/rack-preloader.rb:82:in `eval'
  /Users/tom/.rvm/gems/ruby-2.0.0-p195/gems/passenger-4.0.13/helper-scripts/rack-preloader.rb:82:in `preload_app'
  /Users/tom/.rvm/gems/ruby-2.0.0-p195/gems/passenger-4.0.13/helper-scripts/rack-preloader.rb:127:in `<module:App>'
  /Users/tom/.rvm/gems/ruby-2.0.0-p195/gems/passenger-4.0.13/helper-scripts/rack-preloader.rb:6:in `<module:PhusionPassenger>'
  /Users/tom/.rvm/gems/ruby-2.0.0-p195/gems/passenger-4.0.13/helper-scripts/rack-preloader.rb:5:in `<main>'

[ 2013-09-06 11:46:01.7832 52976/0x7fff70a2a180 agents/Watchdog/Main.cpp:459 ]: Options: { 'analytics_log_user' => 'nobody', 'default_group' => 'staff', 'default_python' => 'python', 'default_ruby' => '/Users/tom/.rvm/wrappers/ruby-2.0.0-p195/ruby', 'default_user' => 'tom', 'log_level' => '0', 'max_instances_per_app' => '0', 'max_pool_size' => '6', 'passenger_root' => '/var/folders/42/ykrjk1wn3_x7px2nsg_n7bnw0000gn/T/passenger-standalone.y5lkfa/locations.ini', 'pool_idle_time' => '300', 'prestart_urls' => 'aHR0cDovLzAuMC4wLjA6MzAwMAA=', 'temp_dir' => '/tmp', 'union_station_gateway_address' => 'gateway.unionstationapp.com', 'union_station_gateway_port' => '443', 'user_switching' => 'false', 'web_server_pid' => '52975', 'web_server_type' => 'nginx', 'web_server_worker_gid' => '-1', 'web_server_worker_uid' => '-1' }
[ 2013-09-06 11:46:01.7972 52978/0x7fff70a2a180 agents/HelperAgent/Main.cpp:602 ]: PassengerHelperAgent online, listening at unix:/tmp/passenger.1.0.52975/generation-0/request
[ 2013-09-06 11:46:01.8024 52980/0x7fff70a2a180 agents/LoggingAgent/Main.cpp:334 ]: PassengerLoggingAgent online, listening at unix:/tmp/passenger.1.0.52975/generation-0/logging
[ 2013-09-06 11:46:01.8026 52976/0x7fff70a2a180 agents/Watchdog/Main.cpp:642 ]: All Phusion Passenger agents started!
[ 2013-09-06 11:46:03.8540 52978/0x10a0bf000 Pool2/Spawner.h:738 ]: [App 53003 stdout] 
[ 2013-09-06 11:46:04.3554 52978/0x10a0bf000 Pool2/Implementation.cpp:767 ]: Could not spawn process for group /Users/tom/Develop/citysdk/discovery#default: An error occured while starting up the preloader.
     in 'void Passenger::ApplicationPool2::SmartSpawner::handleErrorResponse(Passenger::ApplicationPool2::SmartSpawner::StartupDetails &)' (SmartSpawner.h:455)
     in 'string Passenger::ApplicationPool2::SmartSpawner::negotiatePreloaderStartup(Passenger::ApplicationPool2::SmartSpawner::StartupDetails &)' (SmartSpawner.h:558)
     in 'void Passenger::ApplicationPool2::SmartSpawner::startPreloader()' (SmartSpawner.h:206)
     in 'virtual ProcessPtr Passenger::ApplicationPool2::SmartSpawner::spawn(const Passenger::ApplicationPool2::Options &)' (SmartSpawner.h:744)
     in 'void Passenger::ApplicationPool2::Group::spawnThreadRealMain(const SpawnerPtr &, const Passenger::ApplicationPool2::Options &, unsigned int)' (Implementation.cpp:700)

[ 2013-09-06 11:46:04.3556 52978/0x10a07c000 agents/HelperAgent/RequestHandler.h:1900 ]: [Client 21] Cannot checkout session. An error occured while starting up the preloader.
Error page:
LoadError: cannot load such file -- pg (Sequel::AdapterNotFound)
  /Users/tom/.rvm/gems/ruby-2.0.0-p195/gems/sequel-4.1.1/lib/sequel/adapters/postgres.rb:4:in `require'
  /Users/tom/.rvm/gems/ruby-2.0.0-p195/gems/sequel-4.1.1/lib/sequel/adapters/postgres.rb:4:in `<top (required)>'
  /Users/tom/.rvm/gems/ruby-2.0.0-p195/gems/sequel-4.1.1/lib/sequel/database/connecting.rb:29:in `require'
  /Users/tom/.rvm/gems/ruby-2.0.0-p195/gems/sequel-4.1.1/lib/sequel/database/connecting.rb:29:in `adapter_class'
  /Users/tom/.rvm/gems/ruby-2.0.0-p195/gems/sequel-4.1.1/lib/sequel/database/connecting.rb:59:in `connect'
  /Users/tom/.rvm/gems/ruby-2.0.0-p195/gems/sequel-4.1.1/lib/sequel/core.rb:95:in `connect'
  /Users/tom/.rvm/gems/ruby-2.0.0-p195/gems/sinatra-sequel-0.9.0/lib/sinatra/sequel.rb:21:in `database'
  /Users/tom/.rvm/gems/ruby-2.0.0-p195/gems/sinatra-sequel-0.9.0/lib/sinatra/sequel.rb:16:in `database='
  /Users/tom/Develop/citysdk/discovery/cat.rb:16:in `block in <top (required)>'
  /Users/tom/.rvm/gems/ruby-2.0.0-p195/gems/sinatra-1.4.3/lib/sinatra/base.rb:1385:in `configure'
  /Users/tom/.rvm/gems/ruby-2.0.0-p195/gems/sinatra-1.4.3/lib/sinatra/base.rb:1917:in `block (2 levels) in delegate'
  /Users/tom/Develop/citysdk/discovery/cat.rb:8:in `<top (required)>'
  config.ru:6:in `require'
  config.ru:6:in `block in <main>'
  /Users/tom/.rvm/gems/ruby-2.0.0-p195/gems/rack-1.5.2/lib/rack/builder.rb:55:in `instance_eval'
  /Users/tom/.rvm/gems/ruby-2.0.0-p195/gems/rack-1.5.2/lib/rack/builder.rb:55:in `initialize'
  config.ru:1:in `new'
  config.ru:1:in `<main>'
  /Users/tom/.rvm/gems/ruby-2.0.0-p195/gems/passenger-4.0.13/helper-scripts/rack-preloader.rb:82:in `eval'
  /Users/tom/.rvm/gems/ruby-2.0.0-p195/gems/passenger-4.0.13/helper-scripts/rack-preloader.rb:82:in `preload_app'
  /Users/tom/.rvm/gems/ruby-2.0.0-p195/gems/passenger-4.0.13/helper-scripts/rack-preloader.rb:127:in `<module:App>'
  /Users/tom/.rvm/gems/ruby-2.0.0-p195/gems/passenger-4.0.13/helper-scripts/rack-preloader.rb:6:in `<module:PhusionPassenger>'
  /Users/tom/.rvm/gems/ruby-2.0.0-p195/gems/passenger-4.0.13/helper-scripts/rack-preloader.rb:5:in `<main>'

[ 2013-09-06 11:46:27.5681 53131/0x7fff70a2a180 agents/Watchdog/Main.cpp:459 ]: Options: { 'analytics_log_user' => 'nobody', 'default_group' => 'staff', 'default_python' => 'python', 'default_ruby' => '/Users/tom/.rvm/wrappers/ruby-2.0.0-p195/ruby', 'default_user' => 'tom', 'log_level' => '0', 'max_instances_per_app' => '0', 'max_pool_size' => '6', 'passenger_root' => '/var/folders/42/ykrjk1wn3_x7px2nsg_n7bnw0000gn/T/passenger-standalone.1fok2yp/locations.ini', 'pool_idle_time' => '300', 'prestart_urls' => 'aHR0cDovLzAuMC4wLjA6MzAwMAA=', 'temp_dir' => '/tmp', 'union_station_gateway_address' => 'gateway.unionstationapp.com', 'union_station_gateway_port' => '443', 'user_switching' => 'false', 'web_server_pid' => '53130', 'web_server_type' => 'nginx', 'web_server_worker_gid' => '-1', 'web_server_worker_uid' => '-1' }
[ 2013-09-06 11:46:27.5817 53133/0x7fff70a2a180 agents/HelperAgent/Main.cpp:602 ]: PassengerHelperAgent online, listening at unix:/tmp/passenger.1.0.53130/generation-0/request
[ 2013-09-06 11:46:27.5869 53135/0x7fff70a2a180 agents/LoggingAgent/Main.cpp:334 ]: PassengerLoggingAgent online, listening at unix:/tmp/passenger.1.0.53130/generation-0/logging
[ 2013-09-06 11:46:27.5871 53131/0x7fff70a2a180 agents/Watchdog/Main.cpp:642 ]: All Phusion Passenger agents started!
[ 2013-09-06 11:46:29.6408 53133/0x10ba90000 Pool2/Spawner.h:738 ]: [App 53153 stdout] 
[ 2013-09-06 11:46:30.1320 53133/0x10ba90000 Pool2/SmartSpawner.h:301 ]: Preloader for /Users/tom/Develop/citysdk/discovery started on PID 53153, listening on unix:/tmp/passenger.1.0.53130/generation-0/backends/preloader.53153
[ 2013-09-06 11:57:21.5407 53133/0x10bad3000 Pool2/Spawner.h:738 ]: [App 54749 stdout] 
[ 2013-09-06 11:57:22.0386 53133/0x10bad3000 Pool2/SmartSpawner.h:301 ]: Preloader for /Users/tom/Develop/citysdk/discovery started on PID 54749, listening on unix:/tmp/passenger.1.0.53130/generation-0/backends/preloader.54749
[ 2013-09-06 11:59:55.7814 53133/0x10ba90000 Pool2/Implementation.cpp:1172 ]: [App 54749 stderr] NoMethodError - undefined method `save!' for #<Endpoint:0x007fd2a8c6c668>:
[ 2013-09-06 11:59:55.7814 53133/0x10ba90000 Pool2/Implementation.cpp:1172 ]: [App 54749 stderr] 	/Users/tom/Develop/citysdk/discovery/cat.rb:37:in `block in <class:CSDK_CAT>'
[ 2013-09-06 11:59:55.7814 53133/0x10ba90000 Pool2/Implementation.cpp:1172 ]: [App 54749 stderr] 	/Users/tom/.rvm/gems/ruby-2.0.0-p195/gems/sinatra-1.4.3/lib/sinatra/base.rb:1541:in `call'
[ 2013-09-06 11:59:55.7815 53133/0x10ba90000 Pool2/Implementation.cpp:1172 ]: [App 54749 stderr] 	/Users/tom/.rvm/gems/ruby-2.0.0-p195/gems/sinatra-1.4.3/lib/sinatra/base.rb:1541:in `block in compile!'
[ 2013-09-06 11:59:55.7815 53133/0x10ba90000 Pool2/Implementation.cpp:1172 ]: [App 54749 stderr] 	/Users/tom/.rvm/gems/ruby-2.0.0-p195/gems/sinatra-1.4.3/lib/sinatra/base.rb:950:in `[]'
[ 2013-09-06 11:59:55.7815 53133/0x10ba90000 Pool2/Implementation.cpp:1172 ]: [App 54749 stderr] 	/Users/tom/.rvm/gems/ruby-2.0.0-p195/gems/sinatra-1.4.3/lib/sinatra/base.rb:950:in `block (3 levels) in route!'
[ 2013-09-06 11:59:55.7815 53133/0x10ba90000 Pool2/Implementation.cpp:1172 ]: [App 54749 stderr] 	/Users/tom/.rvm/gems/ruby-2.0.0-p195/gems/sinatra-1.4.3/lib/sinatra/base.rb:966:in `route_eval'
[ 2013-09-06 11:59:55.7815 53133/0x10ba90000 Pool2/Implementation.cpp:1172 ]: [App 54749 stderr] 	/Users/tom/.rvm/gems/ruby-2.0.0-p195/gems/sinatra-1.4.3/lib/sinatra/base.rb:950:in `block (2 levels) in route!'
[ 2013-09-06 11:59:55.7815 53133/0x10ba90000 Pool2/Implementation.cpp:1172 ]: [App 54749 stderr] 	/Users/tom/.rvm/gems/ruby-2.0.0-p195/gems/sinatra-1.4.3/lib/sinatra/base.rb:987:in `block in process_route'
[ 2013-09-06 11:59:55.7815 53133/0x10ba90000 Pool2/Implementation.cpp:1172 ]: [App 54749 stderr] 	/Users/tom/.rvm/gems/ruby-2.0.0-p195/gems/sinatra-1.4.3/lib/sinatra/base.rb:985:in `catch'
[ 2013-09-06 11:59:55.7815 53133/0x10ba90000 Pool2/Implementation.cpp:1172 ]: [App 54749 stderr] 	/Users/tom/.rvm/gems/ruby-2.0.0-p195/gems/sinatra-1.4.3/lib/sinatra/base.rb:985:in `process_route'
[ 2013-09-06 11:59:55.7815 53133/0x10ba90000 Pool2/Implementation.cpp:1172 ]: [App 54749 stderr] 	/Users/tom/.rvm/gems/ruby-2.0.0-p195/gems/sinatra-1.4.3/lib/sinatra/base.rb:948:in `block in route!'
[ 2013-09-06 11:59:55.7815 53133/0x10ba90000 Pool2/Implementation.cpp:1172 ]: [App 54749 stderr] 	/Users/tom/.rvm/gems/ruby-2.0.0-p195/gems/sinatra-1.4.3/lib/sinatra/base.rb:947:in `each'
[ 2013-09-06 11:59:55.7815 53133/0x10ba90000 Pool2/Implementation.cpp:1172 ]: [App 54749 stderr] 	/Users/tom/.rvm/gems/ruby-2.0.0-p195/gems/sinatra-1.4.3/lib/sinatra/base.rb:947:in `route!'
[ 2013-09-06 11:59:55.7815 53133/0x10ba90000 Pool2/Implementation.cpp:1172 ]: [App 54749 stderr] 	/Users/tom/.rvm/gems/ruby-2.0.0-p195/gems/sinatra-1.4.3/lib/sinatra/base.rb:1059:in `block in dispatch!'
[ 2013-09-06 11:59:55.7815 53133/0x10ba90000 Pool2/Implementation.cpp:1172 ]: [App 54749 stderr] 	/Users/tom/.rvm/gems/ruby-2.0.0-p195/gems/sinatra-1.4.3/lib/sinatra/base.rb:1041:in `block in invoke'
[ 2013-09-06 11:59:55.7815 53133/0x10ba90000 Pool2/Implementation.cpp:1172 ]: [App 54749 stderr] 	/Users/tom/.rvm/gems/ruby-2.0.0-p195/gems/sinatra-1.4.3/lib/sinatra/base.rb:1041:in `catch'
[ 2013-09-06 11:59:55.7816 53133/0x10ba90000 Pool2/Implementation.cpp:1172 ]: [App 54749 stderr] 	/Users/tom/.rvm/gems/ruby-2.0.0-p195/gems/sinatra-1.4.3/lib/sinatra/base.rb:1041:in `invoke'
[ 2013-09-06 11:59:55.7816 53133/0x10ba90000 Pool2/Implementation.cpp:1172 ]: [App 54749 stderr] 	/Users/tom/.rvm/gems/ruby-2.0.0-p195/gems/sinatra-1.4.3/lib/sinatra/base.rb:1056:in `dispatch!'
[ 2013-09-06 11:59:55.7816 53133/0x10ba90000 Pool2/Implementation.cpp:1172 ]: [App 54749 stderr] 	/Users/tom/.rvm/gems/ruby-2.0.0-p195/gems/sinatra-1.4.3/lib/sinatra/base.rb:882:in `block in call!'
[ 2013-09-06 11:59:55.7816 53133/0x10ba90000 Pool2/Implementation.cpp:1172 ]: [App 54749 stderr] 	/Users/tom/.rvm/gems/ruby-2.0.0-p195/gems/sinatra-1.4.3/lib/sinatra/base.rb:1041:in `block in invoke'
[ 2013-09-06 11:59:55.7816 53133/0x10ba90000 Pool2/Implementation.cpp:1172 ]: [App 54749 stderr] 	/Users/tom/.rvm/gems/ruby-2.0.0-p195/gems/sinatra-1.4.3/lib/sinatra/base.rb:1041:in `catch'
[ 2013-09-06 11:59:55.7816 53133/0x10ba90000 Pool2/Implementation.cpp:1172 ]: [App 54749 stderr] 	/Users/tom/.rvm/gems/ruby-2.0.0-p195/gems/sinatra-1.4.3/lib/sinatra/base.rb:1041:in `invoke'
[ 2013-09-06 11:59:55.7816 53133/0x10ba90000 Pool2/Implementation.cpp:1172 ]: [App 54749 stderr] 	/Users/tom/.rvm/gems/ruby-2.0.0-p195/gems/sinatra-1.4.3/lib/sinatra/base.rb:882:in `call!'
[ 2013-09-06 11:59:55.7816 53133/0x10ba90000 Pool2/Implementation.cpp:1172 ]: [App 54749 stderr] 	/Users/tom/.rvm/gems/ruby-2.0.0-p195/gems/sinatra-1.4.3/lib/sinatra/base.rb:870:in `call'
[ 2013-09-06 11:59:55.7816 53133/0x10ba90000 Pool2/Implementation.cpp:1172 ]: [App 54749 stderr] 	/Users/tom/.rvm/gems/ruby-2.0.0-p195/gems/rack-protection-1.5.0/lib/rack/protection/xss_header.rb:18:in `call'
[ 2013-09-06 11:59:55.7816 53133/0x10ba90000 Pool2/Implementation.cpp:1172 ]: [App 54749 stderr] 	/Users/tom/.rvm/gems/ruby-2.0.0-p195/gems/rack-protection-1.5.0/lib/rack/protection/path_traversal.rb:16:in `call'
[ 2013-09-06 11:59:55.7816 53133/0x10ba90000 Pool2/Implementation.cpp:1172 ]: [App 54749 stderr] 	/Users/tom/.rvm/gems/ruby-2.0.0-p195/gems/rack-protection-1.5.0/lib/rack/protection/json_csrf.rb:18:in `call'
[ 2013-09-06 11:59:55.7816 53133/0x10ba90000 Pool2/Implementation.cpp:1172 ]: [App 54749 stderr] 	/Users/tom/.rvm/gems/ruby-2.0.0-p195/gems/rack-protection-1.5.0/lib/rack/protection/base.rb:49:in `call'
[ 2013-09-06 11:59:55.7816 53133/0x10ba90000 Pool2/Implementation.cpp:1172 ]: [App 54749 stderr] 	/Users/tom/.rvm/gems/ruby-2.0.0-p195/gems/rack-protection-1.5.0/lib/rack/protection/base.rb:49:in `call'
[ 2013-09-06 11:59:55.7816 53133/0x10ba90000 Pool2/Implementation.cpp:1172 ]: [App 54749 stderr] 	/Users/tom/.rvm/gems/ruby-2.0.0-p195/gems/rack-protection-1.5.0/lib/rack/protection/frame_options.rb:31:in `call'
[ 2013-09-06 11:59:55.7817 53133/0x10ba90000 Pool2/Implementation.cpp:1172 ]: [App 54749 stderr] 	/Users/tom/.rvm/gems/ruby-2.0.0-p195/gems/rack-1.5.2/lib/rack/nulllogger.rb:9:in `call'
[ 2013-09-06 11:59:55.7817 53133/0x10ba90000 Pool2/Implementation.cpp:1172 ]: [App 54749 stderr] 	/Users/tom/.rvm/gems/ruby-2.0.0-p195/gems/rack-1.5.2/lib/rack/head.rb:11:in `call'
[ 2013-09-06 11:59:55.7817 53133/0x10ba90000 Pool2/Implementation.cpp:1172 ]: [App 54749 stderr] 	/Users/tom/.rvm/gems/ruby-2.0.0-p195/gems/sinatra-1.4.3/lib/sinatra/showexceptions.rb:21:in `call'
[ 2013-09-06 11:59:55.7817 53133/0x10ba90000 Pool2/Implementation.cpp:1172 ]: [App 54749 stderr] 	/Users/tom/.rvm/gems/ruby-2.0.0-p195/gems/sinatra-1.4.3/lib/sinatra/base.rb:175:in `call'
[ 2013-09-06 11:59:55.7817 53133/0x10ba90000 Pool2/Implementation.cpp:1172 ]: [App 54749 stderr] 	/Users/tom/.rvm/gems/ruby-2.0.0-p195/gems/sinatra-1.4.3/lib/sinatra/base.rb:1949:in `call'
[ 2013-09-06 11:59:55.7817 53133/0x10ba90000 Pool2/Implementation.cpp:1172 ]: [App 54749 stderr] 	/Users/tom/.rvm/gems/ruby-2.0.0-p195/gems/sinatra-1.4.3/lib/sinatra/base.rb:1449:in `block in call'
[ 2013-09-06 11:59:55.7817 53133/0x10ba90000 Pool2/Implementation.cpp:1172 ]: [App 54749 stderr] 	/Users/tom/.rvm/gems/ruby-2.0.0-p195/gems/sinatra-1.4.3/lib/sinatra/base.rb:1726:in `synchronize'
[ 2013-09-06 11:59:55.7817 53133/0x10ba90000 Pool2/Implementation.cpp:1172 ]: [App 54749 stderr] 	/Users/tom/.rvm/gems/ruby-2.0.0-p195/gems/sinatra-1.4.3/lib/sinatra/base.rb:1449:in `call'
[ 2013-09-06 11:59:55.7817 53133/0x10ba90000 Pool2/Implementation.cpp:1172 ]: [App 54749 stderr] 	/Users/tom/.rvm/gems/ruby-2.0.0-p195/gems/passenger-4.0.13/lib/phusion_passenger/rack/thread_handler_extension.rb:77:in `process_request'
[ 2013-09-06 11:59:55.7817 53133/0x10ba90000 Pool2/Implementation.cpp:1172 ]: [App 54749 stderr] 	/Users/tom/.rvm/gems/ruby-2.0.0-p195/gems/passenger-4.0.13/lib/phusion_passenger/request_handler/thread_handler.rb:140:in `accept_and_process_next_request'
[ 2013-09-06 11:59:55.7817 53133/0x10ba90000 Pool2/Implementation.cpp:1172 ]: [App 54749 stderr] 	/Users/tom/.rvm/gems/ruby-2.0.0-p195/gems/passenger-4.0.13/lib/phusion_passenger/request_handler/thread_handler.rb:108:in `main_loop'
[ 2013-09-06 11:59:55.7817 53133/0x10ba90000 Pool2/Implementation.cpp:1172 ]: [App 54749 stderr] 	/Users/tom/.rvm/gems/ruby-2.0.0-p195/gems/passenger-4.0.13/lib/phusion_passenger/request_handler.rb:441:in `block (3 levels) in start_threads'
[ 2013-09-06 12:03:32.1206 53133/0x10bb59000 Pool2/Spawner.h:738 ]: [App 55459 stdout] 
[ 2013-09-06 12:03:32.6090 53133/0x10bb59000 Pool2/SmartSpawner.h:301 ]: Preloader for /Users/tom/Develop/citysdk/discovery started on PID 55459, listening on unix:/tmp/passenger.1.0.53130/generation-0/backends/preloader.55459
[ 2013-09-06 12:04:02.7709 53133/0x10bb9c000 Pool2/Spawner.h:738 ]: [App 55571 stdout] 
[ 2013-09-06 12:04:03.2586 53133/0x10bb9c000 Pool2/SmartSpawner.h:301 ]: Preloader for /Users/tom/Develop/citysdk/discovery started on PID 55571, listening on unix:/tmp/passenger.1.0.53130/generation-0/backends/preloader.55571
[ 2013-09-06 12:09:45.2250 53133/0x10bb59000 Pool2/Spawner.h:738 ]: [App 56229 stdout] 
[ 2013-09-06 12:09:45.7146 53133/0x10bb59000 Pool2/SmartSpawner.h:301 ]: Preloader for /Users/tom/Develop/citysdk/discovery started on PID 56229, listening on unix:/tmp/passenger.1.0.53130/generation-0/backends/preloader.56229
[ 2013-09-06 12:40:01.9403 53133/0x10bb59000 Pool2/Spawner.h:738 ]: [App 59392 stdout] 
[ 2013-09-06 12:40:02.4703 53133/0x10bb59000 Pool2/SmartSpawner.h:301 ]: Preloader for /Users/tom/Develop/citysdk/discovery started on PID 59392, listening on unix:/tmp/passenger.1.0.53130/generation-0/backends/preloader.59392
[ 2013-09-06 12:40:04.8481 53133/0x10ba90000 Pool2/Implementation.cpp:1172 ]: [App 59392 stderr] NoMethodError - undefined method `factory' for nil:NilClass:
[ 2013-09-06 12:40:04.8481 53133/0x10ba90000 Pool2/Implementation.cpp:1172 ]: [App 59392 stderr] 	/Users/tom/.rvm/gems/ruby-2.0.0-p195/gems/rgeo-0.3.20/lib/rgeo/wkrep/wkb_generator.rb:141:in `generate'
[ 2013-09-06 12:40:04.8482 53133/0x10ba90000 Pool2/Implementation.cpp:1172 ]: [App 59392 stderr] 	/Users/tom/Develop/citysdk/discovery/utils.rb:38:in `makeGeom'
[ 2013-09-06 12:40:04.8482 53133/0x10ba90000 Pool2/Implementation.cpp:1172 ]: [App 59392 stderr] 	/Users/tom/Develop/citysdk/discovery/utils.rb:51:in `update_layer'
[ 2013-09-06 12:40:04.8482 53133/0x10ba90000 Pool2/Implementation.cpp:1172 ]: [App 59392 stderr] 	/Users/tom/Develop/citysdk/discovery/utils.rb:65:in `block in update'
[ 2013-09-06 12:40:04.8482 53133/0x10ba90000 Pool2/Implementation.cpp:1172 ]: [App 59392 stderr] 	/Users/tom/Develop/citysdk/discovery/utils.rb:64:in `each'
[ 2013-09-06 12:40:04.8482 53133/0x10ba90000 Pool2/Implementation.cpp:1172 ]: [App 59392 stderr] 	/Users/tom/Develop/citysdk/discovery/utils.rb:64:in `update'
[ 2013-09-06 12:40:04.8482 53133/0x10ba90000 Pool2/Implementation.cpp:1172 ]: [App 59392 stderr] 	/Users/tom/Develop/citysdk/discovery/cat.rb:35:in `block in <class:CSDK_CAT>'
[ 2013-09-06 12:40:04.8482 53133/0x10ba90000 Pool2/Implementation.cpp:1172 ]: [App 59392 stderr] 	/Users/tom/.rvm/gems/ruby-2.0.0-p195/gems/sinatra-1.4.3/lib/sinatra/base.rb:1541:in `call'
[ 2013-09-06 12:40:04.8482 53133/0x10ba90000 Pool2/Implementation.cpp:1172 ]: [App 59392 stderr] 	/Users/tom/.rvm/gems/ruby-2.0.0-p195/gems/sinatra-1.4.3/lib/sinatra/base.rb:1541:in `block in compile!'
[ 2013-09-06 12:40:04.8482 53133/0x10ba90000 Pool2/Implementation.cpp:1172 ]: [App 59392 stderr] 	/Users/tom/.rvm/gems/ruby-2.0.0-p195/gems/sinatra-1.4.3/lib/sinatra/base.rb:950:in `[]'
[ 2013-09-06 12:40:04.8482 53133/0x10ba90000 Pool2/Implementation.cpp:1172 ]: [App 59392 stderr] 	/Users/tom/.rvm/gems/ruby-2.0.0-p195/gems/sinatra-1.4.3/lib/sinatra/base.rb:950:in `block (3 levels) in route!'
[ 2013-09-06 12:40:04.8482 53133/0x10ba90000 Pool2/Implementation.cpp:1172 ]: [App 59392 stderr] 	/Users/tom/.rvm/gems/ruby-2.0.0-p195/gems/sinatra-1.4.3/lib/sinatra/base.rb:966:in `route_eval'
[ 2013-09-06 12:40:04.8482 53133/0x10ba90000 Pool2/Implementation.cpp:1172 ]: [App 59392 stderr] 	/Users/tom/.rvm/gems/ruby-2.0.0-p195/gems/sinatra-1.4.3/lib/sinatra/base.rb:950:in `block (2 levels) in route!'
[ 2013-09-06 12:40:04.8483 53133/0x10ba90000 Pool2/Implementation.cpp:1172 ]: [App 59392 stderr] 	/Users/tom/.rvm/gems/ruby-2.0.0-p195/gems/sinatra-1.4.3/lib/sinatra/base.rb:987:in `block in process_route'
[ 2013-09-06 12:40:04.8483 53133/0x10ba90000 Pool2/Implementation.cpp:1172 ]: [App 59392 stderr] 	/Users/tom/.rvm/gems/ruby-2.0.0-p195/gems/sinatra-1.4.3/lib/sinatra/base.rb:985:in `catch'
[ 2013-09-06 12:40:04.8483 53133/0x10ba90000 Pool2/Implementation.cpp:1172 ]: [App 59392 stderr] 	/Users/tom/.rvm/gems/ruby-2.0.0-p195/gems/sinatra-1.4.3/lib/sinatra/base.rb:985:in `process_route'
[ 2013-09-06 12:40:04.8483 53133/0x10ba90000 Pool2/Implementation.cpp:1172 ]: [App 59392 stderr] 	/Users/tom/.rvm/gems/ruby-2.0.0-p195/gems/sinatra-1.4.3/lib/sinatra/base.rb:948:in `block in route!'
[ 2013-09-06 12:40:04.8483 53133/0x10ba90000 Pool2/Implementation.cpp:1172 ]: [App 59392 stderr] 	/Users/tom/.rvm/gems/ruby-2.0.0-p195/gems/sinatra-1.4.3/lib/sinatra/base.rb:947:in `each'
[ 2013-09-06 12:40:04.8483 53133/0x10ba90000 Pool2/Implementation.cpp:1172 ]: [App 59392 stderr] 	/Users/tom/.rvm/gems/ruby-2.0.0-p195/gems/sinatra-1.4.3/lib/sinatra/base.rb:947:in `route!'
[ 2013-09-06 12:40:04.8483 53133/0x10ba90000 Pool2/Implementation.cpp:1172 ]: [App 59392 stderr] 	/Users/tom/.rvm/gems/ruby-2.0.0-p195/gems/sinatra-1.4.3/lib/sinatra/base.rb:1059:in `block in dispatch!'
[ 2013-09-06 12:40:04.8483 53133/0x10ba90000 Pool2/Implementation.cpp:1172 ]: [App 59392 stderr] 	/Users/tom/.rvm/gems/ruby-2.0.0-p195/gems/sinatra-1.4.3/lib/sinatra/base.rb:1041:in `block in invoke'
[ 2013-09-06 12:40:04.8483 53133/0x10ba90000 Pool2/Implementation.cpp:1172 ]: [App 59392 stderr] 	/Users/tom/.rvm/gems/ruby-2.0.0-p195/gems/sinatra-1.4.3/lib/sinatra/base.rb:1041:in `catch'
[ 2013-09-06 12:40:04.8483 53133/0x10ba90000 Pool2/Implementation.cpp:1172 ]: [App 59392 stderr] 	/Users/tom/.rvm/gems/ruby-2.0.0-p195/gems/sinatra-1.4.3/lib/sinatra/base.rb:1041:in `invoke'
[ 2013-09-06 12:40:04.8483 53133/0x10ba90000 Pool2/Implementation.cpp:1172 ]: [App 59392 stderr] 	/Users/tom/.rvm/gems/ruby-2.0.0-p195/gems/sinatra-1.4.3/lib/sinatra/base.rb:1056:in `dispatch!'
[ 2013-09-06 12:40:04.8483 53133/0x10ba90000 Pool2/Implementation.cpp:1172 ]: [App 59392 stderr] 	/Users/tom/.rvm/gems/ruby-2.0.0-p195/gems/sinatra-1.4.3/lib/sinatra/base.rb:882:in `block in call!'
[ 2013-09-06 12:40:04.8483 53133/0x10ba90000 Pool2/Implementation.cpp:1172 ]: [App 59392 stderr] 	/Users/tom/.rvm/gems/ruby-2.0.0-p195/gems/sinatra-1.4.3/lib/sinatra/base.rb:1041:in `block in invoke'
[ 2013-09-06 12:40:04.8483 53133/0x10ba90000 Pool2/Implementation.cpp:1172 ]: [App 59392 stderr] 	/Users/tom/.rvm/gems/ruby-2.0.0-p195/gems/sinatra-1.4.3/lib/sinatra/base.rb:1041:in `catch'
[ 2013-09-06 12:40:04.8483 53133/0x10ba90000 Pool2/Implementation.cpp:1172 ]: [App 59392 stderr] 	/Users/tom/.rvm/gems/ruby-2.0.0-p195/gems/sinatra-1.4.3/lib/sinatra/base.rb:1041:in `invoke'
[ 2013-09-06 12:40:04.8483 53133/0x10ba90000 Pool2/Implementation.cpp:1172 ]: [App 59392 stderr] 	/Users/tom/.rvm/gems/ruby-2.0.0-p195/gems/sinatra-1.4.3/lib/sinatra/base.rb:882:in `call!'
[ 2013-09-06 12:40:04.8484 53133/0x10ba90000 Pool2/Implementation.cpp:1172 ]: [App 59392 stderr] 	/Users/tom/.rvm/gems/ruby-2.0.0-p195/gems/sinatra-1.4.3/lib/sinatra/base.rb:870:in `call'
[ 2013-09-06 12:40:04.8484 53133/0x10ba90000 Pool2/Implementation.cpp:1172 ]: [App 59392 stderr] 	/Users/tom/.rvm/gems/ruby-2.0.0-p195/gems/rack-protection-1.5.0/lib/rack/protection/xss_header.rb:18:in `call'
[ 2013-09-06 12:40:04.8484 53133/0x10ba90000 Pool2/Implementation.cpp:1172 ]: [App 59392 stderr] 	/Users/tom/.rvm/gems/ruby-2.0.0-p195/gems/rack-protection-1.5.0/lib/rack/protection/path_traversal.rb:16:in `call'
[ 2013-09-06 12:40:04.8484 53133/0x10ba90000 Pool2/Implementation.cpp:1172 ]: [App 59392 stderr] 	/Users/tom
[ 2013-09-06 12:40:04.8484 53133/0x10ba90000 Pool2/Implementation.cpp:1172 ]: [App 59392 stderr] /.rvm/gems/ruby-2.0.0-p195/gems/rack-protection-1.5.0/lib/rack/protection/json_csrf.rb:18:in `call'
[ 2013-09-06 12:40:04.8484 53133/0x10ba90000 Pool2/Implementation.cpp:1172 ]: [App 59392 stderr] 	/Users/tom/.rvm/gems/ruby-2.0.0-p195/gems/rack-protection-1.5.0/lib/rack/protection/base.rb:49:in `call'
[ 2013-09-06 12:40:04.8484 53133/0x10ba90000 Pool2/Implementation.cpp:1172 ]: [App 59392 stderr] 	/Users/tom/.rvm/gems/ruby-2.0.0-p195/gems/rack-protection-1.5.0/lib/rack/protection/base.rb:49:in `call'
[ 2013-09-06 12:40:04.8484 53133/0x10ba90000 Pool2/Implementation.cpp:1172 ]: [App 59392 stderr] 	/Users/tom/.rvm/gems/ruby-2.0.0-p195/gems/rack-protection-1.5.0/lib/rack/protection/frame_options.rb:31:in `call'
[ 2013-09-06 12:40:04.8484 53133/0x10ba90000 Pool2/Implementation.cpp:1172 ]: [App 59392 stderr] 	/Users/tom/.rvm/gems/ruby-2.0.0-p195/gems/rack-1.5.2/lib/rack/nulllogger.rb:9:in `call'
[ 2013-09-06 12:40:04.8484 53133/0x10ba90000 Pool2/Implementation.cpp:1172 ]: [App 59392 stderr] 	/Users/tom/.rvm/gems/ruby-2.0.0-p195/gems/rack-1.5.2/lib/rack/head.rb:11:in `call'
[ 2013-09-06 12:40:04.8484 53133/0x10ba90000 Pool2/Implementation.cpp:1172 ]: [App 59392 stderr] 	/Users/tom/.rvm/gems/ruby-2.0.0-p195/gems/sinatra-1.4.3/lib/sinatra/showexceptions.rb:21:in `call'
[ 2013-09-06 12:40:04.8484 53133/0x10ba90000 Pool2/Implementation.cpp:1172 ]: [App 59392 stderr] 	/Users/tom/.rvm/gems/ruby-2.0.0-p195/gems/sinatra-1.4.3/lib/sinatra/base.rb:175:in `call'
[ 2013-09-06 12:40:04.8484 53133/0x10ba90000 Pool2/Implementation.cpp:1172 ]: [App 59392 stderr] 	/Users/tom/.rvm/gems/ruby-2.0.0-p195/gems/sinatra-1.4.3/lib/sinatra/base.rb:1949:in `call'
[ 2013-09-06 12:40:04.8485 53133/0x10ba90000 Pool2/Implementation.cpp:1172 ]: [App 59392 stderr] 	/Users/tom/.rvm/gems/ruby-2.0.0-p195/gems/sinatra-1.4.3/lib/sinatra/base.rb:1449:in `block in call'
[ 2013-09-06 12:40:04.8485 53133/0x10ba90000 Pool2/Implementation.cpp:1172 ]: [App 59392 stderr] 	/Users/tom/.rvm/gems/ruby-2.0.0-p195/gems/sinatra-1.4.3/lib/sinatra/base.rb:1726:in `synchronize'
[ 2013-09-06 12:40:04.8485 53133/0x10ba90000 Pool2/Implementation.cpp:1172 ]: [App 59392 stderr] 	/Users/tom/.rvm/gems/ruby-2.0.0-p195/gems/sinatra-1.4.3/lib/sinatra/base.rb:1449:in `call'
[ 2013-09-06 12:40:04.8485 53133/0x10ba90000 Pool2/Implementation.cpp:1172 ]: [App 59392 stderr] 	/Users/tom/.rvm/gems/ruby-2.0.0-p195/gems/passenger-4.0.13/lib/phusion_passenger/rack/thread_handler_extension.rb:77:in `process_request'
[ 2013-09-06 12:40:04.8485 53133/0x10ba90000 Pool2/Implementation.cpp:1172 ]: [App 59392 stderr] 	/Users/tom/.rvm/gems/ruby-2.0.0-p195/gems/passenger-4.0.13/lib/phusion_passenger/request_handler/thread_handler.rb:140:in `accept_and_process_next_request'
[ 2013-09-06 12:40:04.8485 53133/0x10ba90000 Pool2/Implementation.cpp:1172 ]: [App 59392 stderr] 	/Users/tom/.rvm/gems/ruby-2.0.0-p195/gems/passenger-4.0.13/lib/phusion_passenger/request_handler/thread_handler.rb:108:in `main_loop'
[ 2013-09-06 12:40:04.8485 53133/0x10ba90000 Pool2/Implementation.cpp:1172 ]: [App 59392 stderr] 	/Users/tom/.rvm/gems/ruby-2.0.0-p195/gems/passenger-4.0.13/lib/phusion_passenger/request_handler.rb:441:in `block (3 levels) in start_threads'
[ 2013-09-06 12:41:01.6364 53133/0x10bb9c000 Pool2/Spawner.h:738 ]: [App 59554 stdout] 
[ 2013-09-06 12:41:02.1818 53133/0x10bb9c000 Pool2/SmartSpawner.h:301 ]: Preloader for /Users/tom/Develop/citysdk/discovery started on PID 59554, listening on unix:/tmp/passenger.1.0.53130/generation-0/backends/preloader.59554
[ 2013-09-06 12:41:02.2795 53133/0x10ba90000 Pool2/Implementation.cpp:1172 ]: [App 59554 stderr] JSON::GeneratorError - only generation of JSON objects or arrays allowed:
[ 2013-09-06 12:41:02.2795 53133/0x10ba90000 Pool2/Implementation.cpp:1172 ]: [App 59554 stderr] 	/Users/tom/.rvm/rubies/ruby-2.0.0-p195/lib/ruby/2.0.0/json/common.rb:285:in `generate'
[ 2013-09-06 12:41:02.2795 53133/0x10ba90000 Pool2/Implementation.cpp:1172 ]: [App 59554 stderr] 	/Users/tom/.rvm/rubies/ruby-2.0.0-p195/lib/ruby/2.0.0/json/common.rb:285:in `pretty_generate'
[ 2013-09-06 12:41:02.2795 53133/0x10ba90000 Pool2/Implementation.cpp:1172 ]: [App 59554 stderr] 	/Users/tom/Develop/citysdk/discovery/utils.rb:38:in `makeGeom'
[ 2013-09-06 12:41:02.2795 53133/0x10ba90000 Pool2/Implementation.cpp:1172 ]: [App 59554 stderr] 	/Users/tom/Develop/citysdk/discovery/utils.rb:54:in `update_layer'
[ 2013-09-06 12:41:02.2796 53133/0x10ba90000 Pool2/Implementation.cpp:1172 ]: [App 59554 stderr] 	/Users/tom/Develop/citysdk/discovery/utils.rb:68:in `block in update'
[ 2013-09-06 12:41:02.2796 53133/0x10ba90000 Pool2/Implementation.cpp:1172 ]: [App 59554 stderr] 	/Users/tom/Develop/citysdk/discovery/utils.rb:67:in `each'
[ 2013-09-06 12:41:02.2796 53133/0x10ba90000 Pool2/Implementation.cpp:1172 ]: [App 59554 stderr] 	/Users/tom/Develop/citysdk/discovery/utils.rb:67:in `update'
[ 2013-09-06 12:41:02.2796 53133/0x10ba90000 Pool2/Implementation.cpp:1172 ]: [App 59554 stderr] 	/Users/tom/Develop/citysdk/discovery/cat.rb:35:in `block in <class:CSDK_CAT>'
[ 2013-09-06 12:41:02.2796 53133/0x10ba90000 Pool2/Implementation.cpp:1172 ]: [App 59554 stderr] 	/Users/tom/.rvm/gems/ruby-2.0.0-p195/gems/sinatra-1.4.3/lib/sinatra/base.rb:1541:in `call'
[ 2013-09-06 12:41:02.2796 53133/0x10ba90000 Pool2/Implementation.cpp:1172 ]: [App 59554 stderr] 	/Users/tom/.rvm/gems/ruby-2.0.0-p195/gems/sinatra-1.4.3/lib/sinatra/base.rb:1541:in `block in compile!'
[ 2013-09-06 12:41:02.2796 53133/0x10ba90000 Pool2/Implementation.cpp:1172 ]: [App 59554 stderr] 	/Users/tom/.rvm/gems/ruby-2.0.0-p195/gems/sinatra-1.4.3/lib/sinatra/base.rb:950:in `[]'
[ 2013-09-06 12:41:02.2796 53133/0x10ba90000 Pool2/Implementation.cpp:1172 ]: [App 59554 stderr] 	/Users/tom/.rvm/gems/ruby-2.0.0-p195/gems/sinatra-1.4.3/lib/sinatra/base.rb:950:in `block (3 levels) in route!'
[ 2013-09-06 12:41:02.2796 53133/0x10ba90000 Pool2/Implementation.cpp:1172 ]: [App 59554 stderr] 	/Users/tom/.rvm/gems/ruby-2.0.0-p195/gems/sinatra-1.4.3/lib/sinatra/base.rb:966:in `route_eval'
[ 2013-09-06 12:41:02.2796 53133/0x10ba90000 Pool2/Implementation.cpp:1172 ]: [App 59554 stderr] 	/Users/tom/.rvm/gems/ruby-2.0.0-p195/gems/sinatra-1.4.3/lib/sinatra/base.rb:950:in `block (2 levels) in route!'
[ 2013-09-06 12:41:02.2796 53133/0x10ba90000 Pool2/Implementation.cpp:1172 ]: [App 59554 stderr] 	/Users/tom/.rvm/gems/ruby-2.0.0-p195/gems/sinatra-1.4.3/lib/sinatra/base.rb:987:in `block in process_route'
[ 2013-09-06 12:41:02.2796 53133/0x10ba90000 Pool2/Implementation.cpp:1172 ]: [App 59554 stderr] 	/Users/tom/.rvm/gems/ruby-2.0.0-p195/gems/sinatra-1.4.3/lib/sinatra/base.rb:985:in `catch'
[ 2013-09-06 12:41:02.2796 53133/0x10ba90000 Pool2/Implementation.cpp:1172 ]: [App 59554 stderr] 	/Users/tom/.rvm/gems/ruby-2.0.0-p195/gems/sinatra-1.4.3/lib/sinatra/base.rb:985:in `process_route'
[ 2013-09-06 12:41:02.2796 53133/0x10ba90000 Pool2/Implementation.cpp:1172 ]: [App 59554 stderr] 	/Users/tom/.rvm/gems/ruby-2.0.0-p195/gems/sinatra-1.4.3/lib/sinatra/base.rb:948:in `block in route!'
[ 2013-09-06 12:41:02.2796 53133/0x10ba90000 Pool2/Implementation.cpp:1172 ]: [App 59554 stderr] 	/Users/tom/.rvm/gems/ruby-2.0.0-p195/gems/sinatra-1.4.3/lib/sinatra/base.rb:947:in `each'
[ 2013-09-06 12:41:02.2796 53133/0x10ba90000 Pool2/Implementation.cpp:1172 ]: [App 59554 stderr] 	/Users/tom/.rvm/gems/ruby-2.0.0-p195/gems/sinatra-1.4.3/lib/sinatra/base.rb:947:in `route!'
[ 2013-09-06 12:41:02.2797 53133/0x10ba90000 Pool2/Implementation.cpp:1172 ]: [App 59554 stderr] 	/Users/tom/.rvm/gems/ruby-2.0.0-p195/gems/sinatra-1.4.3/lib/sinatra/base.rb:1059:in `block in dispatch!'
[ 2013-09-06 12:41:02.2797 53133/0x10ba90000 Pool2/Implementation.cpp:1172 ]: [App 59554 stderr] 	/Users/tom/.rvm/gems/ruby-2.0.0-p195/gems/sinatra-1.4.3/lib/sinatra/base.rb:1041:in `block in invoke'
[ 2013-09-06 12:41:02.2797 53133/0x10ba90000 Pool2/Implementation.cpp:1172 ]: [App 59554 stderr] 	/Users/tom/.rvm/gems/ruby-2.0.0-p195/gems/sinatra-1.4.3/lib/sinatra/base.rb:1041:in `catch'
[ 2013-09-06 12:41:02.2797 53133/0x10ba90000 Pool2/Implementation.cpp:1172 ]: [App 59554 stderr] 	/Users/tom/.rvm/gems/ruby-2.0.0-p195/gems/sinatra-1.4.3/lib/sinatra/base.rb:1041:in `invoke'
[ 2013-09-06 12:41:02.2797 53133/0x10ba90000 Pool2/Implementation.cpp:1172 ]: [App 59554 stderr] 	/Users/tom/.rvm/gems/ruby-2.0.0-p195/gems/sinatra-1.4.3/lib/sinatra/base.rb:1056:in `dispatch!'
[ 2013-09-06 12:41:02.2797 53133/0x10ba90000 Pool2/Implementation.cpp:1172 ]: [App 59554 stderr] 	/Users/tom/.rvm/gems/ruby-2.0.0-p195/gems/sinatra-1.4.3/lib/sinatra/base.rb:882:in `block in call!'
[ 2013-09-06 12:41:02.2797 53133/0x10ba90000 Pool2/Implementation.cpp:1172 ]: [App 59554 stderr] 	/Users/tom/.rvm/gems/ruby-2.0.0-p195/gems/sinatra-1.4.3/lib/sinatra/base.rb:1041:in `block in invoke'
[ 2013-09-06 12:41:02.2797 53133/0x10ba90000 Pool2/Implementation.cpp:1172 ]: [App 59554 stderr] 	/Users/tom/.rvm/gems/ruby-2.0.0-p195/gems/sinatra-1.4.3/lib/sinatra/base.rb:1041:in `catch'
[ 2013-09-06 12:41:02.2797 53133/0x10ba90000 Pool2/Implementation.cpp:1172 ]: [App 59554 stderr] 	/Users/tom/.rvm/gems/ruby-2.0.0-p195/gems/sinatra-1.4.3/lib/sinatra/base.rb:1041:in `invoke'
[ 2013-09-06 12:41:02.2797 53133/0x10ba90000 Pool2/Implementation.cpp:1172 ]: [App 59554 stderr] 	/Users/tom/.rvm/gems/ruby-2.0.0-p195/gems/sinatra-1.4.3/lib/sinatra/base.rb:882:in `call!'
[ 2013-09-06 12:41:02.2797 53133/0x10ba90000 Pool2/Implementation.cpp:1172 ]: [App 59554 stderr] 	/Users/tom/.rvm/gems/ruby-2.0.0-p195/gems/sinatra-1.4.3/lib/sinatra/base.rb:870:in `call'
[ 2013-09-06 12:41:02.2797 53133/0x10ba90000 Pool2/Implementation.cpp:1172 ]: [App 59554 stderr] 	/Users/tom/.rvm/gems/ruby-2.0.0-p195/gems/rack-protection-1.5.0/lib/rack/protection/xss_header.rb:18:in `call'
[ 2013-09-06 12:41:02.2797 53133/0x10ba90000 Pool2/Implementation.cpp:1172 ]: [App 59554 stderr] 	/Users/tom/.rvm/gems/ruby-2.0.0-p195/gems/rack-protection-1.5.0/lib/rack/protection/path_traversal.rb:16:in `call'
[ 2013-09-06 12:41:02.2797 53133/0x10ba90000 Pool2/Implementation.cpp:1172 ]: [App 59554 stderr] 	/Users/tom/.rvm/gems/ruby-2.0.0-p195/gems/rack-protection-1.5.0/lib/rack/protection/json_csrf.rb:18:in `call'
[ 2013-09-06 12:41:02.2798 53133/0x10ba90000 Pool2/Implementation.cpp:1172 ]: [App 59554 stderr] 	/Users/tom/.rvm/gems/ruby-2.0.0-p195/gems/rack-protection-1.5.0/lib/rack/protection/base.rb:49:in `call'
[ 2013-09-06 12:41:02.2798 53133/0x10ba90000 Pool2/Implementation.cpp:1172 ]: [App 59554 stderr] 	/Users/tom/.rvm/gems/ruby-2.0.0-p195/gems/rack-protection-1.5.0/lib/rack/protection/base.rb:49:in `call'
[ 2013-09-06 12:41:02.2798 53133/0x10ba90000 Pool2/Implementation.cpp:1172 ]: [App 59554 stderr] 	/Users/tom/.rvm/gems/ruby-2.0.0-p195/gems/rack-protection-1.5.0/lib/rack/protection/frame_options.rb:31:in `call'
[ 2013-09-06 12:41:02.2798 53133/0x10ba90000 Pool2/Implementation.cpp:1172 ]: [App 59554 stderr] 	/Users/tom/.rvm/gems/ruby-2.0.0-p195/gems/rack-1.5.2/lib/rack/nulllogger.rb:9:in `call'
[ 2013-09-06 12:41:02.2798 53133/0x10ba90000 Pool2/Implementation.cpp:1172 ]: [App 59554 stderr] 	/Users/tom/.rvm/gems/ruby-2.0.0-p195/gems/rack-1.5.2/lib/rack/head.rb:11:in `call'
[ 2013-09-06 12:41:02.2798 53133/0x10ba90000 Pool2/Implementation.cpp:1172 ]: [App 59554 stderr] 	/Users/tom/.rvm/gems/ruby-2.0.0-p195/gems/sinatra-1.4.3/lib/sinatra/showexceptions.rb:21:in `call'
[ 2013-09-06 12:41:02.2798 53133/0x10ba90000 Pool2/Implementation.cpp:1172 ]: [App 59554 stderr] 	/Users/tom/.rvm/gems/ruby-2.0.0-p195/gems/sinatra-1.4.3/lib/sinatra/base.rb:175:in `call'
[ 2013-09-06 12:41:02.2798 53133/0x10ba90000 Pool2/Implementation.cpp:1172 ]: [App 59554 stderr] 	/Users/tom/.rvm/gems/ruby-2.0.0-p195/gems/sinatra-1.4.3/lib/sinatra/base.rb:1949:in `call'
[ 2013-09-06 12:41:02.2798 53133/0x10ba90000 Pool2/Implementation.cpp:1172 ]: [App 59554 stderr] 	/Users/tom/.rvm/gems/ruby-2.0.0-p195/gems/sinatra-1.4.3/lib/sinatra/base.rb:1449:in `block in call'
[ 2013-09-06 12:41:02.2798 53133/0x10ba90000 Pool2/Implementation.cpp:1172 ]: [App 59554 stderr] 	/Users/tom/.rvm/gems/ruby-2.0.0-p195/gems/sinatra-1.4.3/lib/sinatra/base.rb:1726:in `synchronize'
[ 2013-09-06 12:41:02.2798 53133/0x10ba90000 Pool2/Implementation.cpp:1172 ]: [App 59554 stderr] 	/Users/tom/.rvm/gems/ruby-2.0.0-p195/gems/sinatra-1.4.3/lib/sinatra/base.rb:1449:in `call'
[ 2013-09-06 12:41:02.2798 53133/0x10ba90000 Pool2/Implementation.cpp:1172 ]: [App 59554 stderr] 	/Users/tom/.rvm/gems/ruby-2.0.0-p195/gems/passenger-4.0.13/lib/phusion_passenger/rack/thread_handler_extension.rb:77:in `process_request'
[ 2013-09-06 12:41:02.2798 53133/0x10ba90000 Pool2/Implementation.cpp:1172 ]: [App 59554 stderr] 	/Users/tom/.rvm/gems/ruby-2.0.0-p195/gems/passenger-4.0.13/lib/phusion_passenger/request_handler/thread_handler.rb:140:in `accept_and_process_next_request'
[ 2013-09-06 12:41:02.2798 53133/0x10ba90000 Pool2/Implementation.cpp:1172 ]: [App 59554 stderr] 	/Users/tom/.rvm/gems/ruby-2.0.0-p195/gems/passenger-4.0.13/lib/phusion_passenger/request_handler/thread_handler.rb:108:in `main_loop'
[ 2013-09-06 12:41:02.2798 53133/0x10ba90000 Pool2/Implementation.cpp:1172 ]: [App 59554 stderr] 	/Users/tom/.rvm/gems/ruby-2.0.0-p195/gems/passenger-4.0.13/lib/phusion_passenger/request_handler.rb:441:in `block (3 levels) in start_threads'
[ 2013-09-06 12:41:02.2799 53133/0x10ba90000 Pool2/Implementation.cpp:1161 ]: [App 59554 stderr] 
[ 2013-09-06 12:41:40.0043 53133/0x10b85d000 Pool2/Pool.h:710 ]: Process (pid=59581, group=/Users/tom/Develop/citysdk/discovery#default) no longer exists! Detaching it from the pool.
[ 2013-09-06 12:41:42.3395 53133/0x10ba90000 Pool2/Implementation.cpp:1172 ]: [App 59554 stderr] JSON::GeneratorError - only generation of JSON objects or arrays allowed:
[ 2013-09-06 12:41:42.3396 53133/0x10ba90000 Pool2/Implementation.cpp:1172 ]: [App 59554 stderr] 	/Users/tom/.rvm/rubies/ruby-2.0.0-p195/lib/ruby/2.0.0/json/common.rb:285:in `generate'
[ 2013-09-06 12:41:42.3396 53133/0x10ba90000 Pool2/Implementation.cpp:1172 ]: [App 59554 stderr] 	/Users/tom/.rvm/rubies/ruby-2.0.0-p195/lib/ruby/2.0.0/json/common.rb:285:in `pretty_generate'
[ 2013-09-06 12:41:42.3396 53133/0x10ba90000 Pool2/Implementation.cpp:1172 ]: [App 59554 stderr] 	/Users/tom/Develop/citysdk/discovery/utils.rb:38:in `makeGeom'
[ 2013-09-06 12:41:42.3396 53133/0x10ba90000 Pool2/Implementation.cpp:1172 ]: [App 59554 stderr] 	/Users/tom/Develop/citysdk/discovery/utils.rb:54:in `update_layer'
[ 2013-09-06 12:41:42.3396 53133/0x10ba90000 Pool2/Implementation.cpp:1172 ]: [App 59554 stderr] 	/Users/tom/Develop/citysdk/discovery/utils.rb:68:in `block in update'
[ 2013-09-06 12:41:42.3396 53133/0x10ba90000 Pool2/Implementation.cpp:1172 ]: [App 59554 stderr] 	/Users/tom/Develop/citysdk/discovery/utils.rb:67:in `each'
[ 2013-09-06 12:41:42.3396 53133/0x10ba90000 Pool2/Implementation.cpp:1172 ]: [App 59554 stderr] 	/Users/tom/Develop/citysdk/discovery/utils.rb:67:in `update'
[ 2013-09-06 12:41:42.3396 53133/0x10ba90000 Pool2/Implementation.cpp:1172 ]: [App 59554 stderr] 	/Users/tom/Develop/citysdk/discovery/cat.rb:35:in `block in <class:CSDK_CAT>'
[ 2013-09-06 12:41:42.3396 53133/0x10ba90000 Pool2/Implementation.cpp:1172 ]: [App 59554 stderr] 	/Users/tom/.rvm/gems/ruby-2.0.0-p195/gems/sinatra-1.4.3/lib/sinatra/base.rb:1541:in `call'
[ 2013-09-06 12:41:42.3396 53133/0x10ba90000 Pool2/Implementation.cpp:1172 ]: [App 59554 stderr] 	/Users/tom/.rvm/gems/ruby-2.0.0-p195/gems/sinatra-1.4.3/lib/sinatra/base.rb:1541:in `block in compile!'
[ 2013-09-06 12:41:42.3396 53133/0x10ba90000 Pool2/Implementation.cpp:1172 ]: [App 59554 stderr] 	/Users/tom/.rvm/gems/ruby-2.0.0-p195/gems/sinatra-1.4.3/lib/sinatra/base.rb:950:in `[]'
[ 2013-09-06 12:41:42.3397 53133/0x10ba90000 Pool2/Implementation.cpp:1172 ]: [App 59554 stderr] 	/Users/tom/.rvm/gems/ruby-2.0.0-p195/gems/sinatra-1.4.3/lib/sinatra/base.rb:950:in `block (3 levels) in route!'
[ 2013-09-06 12:41:42.3397 53133/0x10ba90000 Pool2/Implementation.cpp:1172 ]: [App 59554 stderr] 	/Users/tom/.rvm/gems/ruby-2.0.0-p195/gems/sinatra-1.4.3/lib/sinatra/base.rb:966:in `route_eval'
[ 2013-09-06 12:41:42.3397 53133/0x10ba90000 Pool2/Implementation.cpp:1172 ]: [App 59554 stderr] 	/Users/tom/.rvm/gems/ruby-2.0.0-p195/gems/sinatra-1.4.3/lib/sinatra/base.rb:950:in `block (2 levels) in route!'
[ 2013-09-06 12:41:42.3397 53133/0x10ba90000 Pool2/Implementation.cpp:1172 ]: [App 59554 stderr] 	/Users/tom/.rvm/gems/ruby-2.0.0-p195/gems/sinatra-1.4.3/lib/sinatra/base.rb:987:in `block in process_route'
[ 2013-09-06 12:41:42.3397 53133/0x10ba90000 Pool2/Implementation.cpp:1172 ]: [App 59554 stderr] 	/Users/tom/.rvm/gems/ruby-2.0.0-p195/gems/sinatra-1.4.3/lib/sinatra/base.rb:985:in `catch'
[ 2013-09-06 12:41:42.3397 53133/0x10ba90000 Pool2/Implementation.cpp:1172 ]: [App 59554 stderr] 	/Users/tom/.rvm/gems/ruby-2.0.0-p195/gems/sinatra-1.4.3/lib/sinatra/base.rb:985:in `process_route'
[ 2013-09-06 12:41:42.3397 53133/0x10ba90000 Pool2/Implementation.cpp:1172 ]: [App 59554 stderr] 	/Users/tom/.rvm/gems/ruby-2.0.0-p195/gems/sinatra-1.4.3/lib/sinatra/base.rb:948:in `block in route!'
[ 2013-09-06 12:41:42.3397 53133/0x10ba90000 Pool2/Implementation.cpp:1172 ]: [App 59554 stderr] 	/Users/tom/.rvm/gems/ruby-2.0.0-p195/gems/sinatra-1.4.3/lib/sinatra/base.rb:947:in `each'
[ 2013-09-06 12:41:42.3397 53133/0x10ba90000 Pool2/Implementation.cpp:1172 ]: [App 59554 stderr] 	/Users/tom/.rvm/gems/ruby-2.0.0-p195/gems/sinatra-1.4.3/lib/sinatra/base.rb:947:in `route!'
[ 2013-09-06 12:41:42.3397 53133/0x10ba90000 Pool2/Implementation.cpp:1172 ]: [App 59554 stderr] 	/Users/tom/.rvm/gems/ruby-2.0.0-p195/gems/sinatra-1.4.3/lib/sinatra/base.rb:1059:in `block in dispatch!'
[ 2013-09-06 12:41:42.3397 53133/0x10ba90000 Pool2/Implementation.cpp:1172 ]: [App 59554 stderr] 	/Users/tom/.rvm/gems/ruby-2.0.0-p195/gems/sinatra-1.4.3/lib/sinatra/base.rb:1041:in `block in invoke'
[ 2013-09-06 12:41:42.3397 53133/0x10ba90000 Pool2/Implementation.cpp:1172 ]: [App 59554 stderr] 	/Users/tom/.rvm/gems/ruby-2.0.0-p195/gems/sinatra-1.4.3/lib/sinatra/base.rb:1041:in `catch'
[ 2013-09-06 12:41:42.3397 53133/0x10ba90000 Pool2/Implementation.cpp:1172 ]: [App 59554 stderr] 	/Users/tom/.rvm/gems/ruby-2.0.0-p195/gems/sinatra-1.4.3/lib/sinatra/base.rb:1041:in `invoke'
[ 2013-09-06 12:41:42.3397 53133/0x10ba90000 Pool2/Implementation.cpp:1172 ]: [App 59554 stderr] 	/Users/tom/.rvm/gems/ruby-2.0.0-p195/gems/sinatra-1.4.3/lib/sinatra/base.rb:1056:in `dispatch!'
[ 2013-09-06 12:41:42.3397 53133/0x10ba90000 Pool2/Implementation.cpp:1172 ]: [App 59554 stderr] 	/Users/tom/.rvm/gems/ruby-2.0.0-p195/gems/sinatra-1.4.3/lib/sinatra/base.rb:882:in `block in call!'
[ 2013-09-06 12:41:42.3397 53133/0x10ba90000 Pool2/Implementation.cpp:1172 ]: [App 59554 stderr] 	/Users/tom/.rvm/gems/ruby-2.0.0-p195/gems/sinatra-1.4.3/lib/sinatra/base.rb:1041:in `block in invoke'
[ 2013-09-06 12:41:42.3398 53133/0x10ba90000 Pool2/Implementation.cpp:1172 ]: [App 59554 stderr] 	/Users/tom/.rvm/gems/ruby-2.0.0-p195/gems/sinatra-1.4.3/lib/sinatra/base.rb:1041:in `catch'
[ 2013-09-06 12:41:42.3398 53133/0x10ba90000 Pool2/Implementation.cpp:1172 ]: [App 59554 stderr] 	/Users/tom/.rvm/gems/ruby-2.0.0-p195/gems/sinatra-1.4.3/lib/sinatra/base.rb:1041:in `invoke'
[ 2013-09-06 12:41:42.3398 53133/0x10ba90000 Pool2/Implementation.cpp:1172 ]: [App 59554 stderr] 	/Users/tom/.rvm/gems/ruby-2.0.0-p195/gems/sinatra-1.4.3/lib/sinatra/base.rb:882:in `call!'
[ 2013-09-06 12:41:42.3398 53133/0x10ba90000 Pool2/Implementation.cpp:1172 ]: [App 59554 stderr] 	/Users/tom/.rvm/gems/ruby-2.0.0-p195/gems/sinatra-1.4.3/lib/sinatra/base.rb:870:in `call'
[ 2013-09-06 12:41:42.3398 53133/0x10ba90000 Pool2/Implementation.cpp:1172 ]: [App 59554 stderr] 	/Users/tom/.rvm/gems/ruby-2.0.0-p195/gems/rack-protection-1.5.0/lib/rack/protection/xss_header.rb:18:in `call'
[ 2013-09-06 12:41:42.3398 53133/0x10ba90000 Pool2/Implementation.cpp:1172 ]: [App 59554 stderr] 	/Users/tom/.rvm/gems/ruby-2.0.0-p195/gems/rack-protection-1.5.0/lib/rack/protection/path_traversal.rb:16:in `call'
[ 2013-09-06 12:41:42.3398 53133/0x10ba90000 Pool2/Implementation.cpp:1172 ]: [App 59554 stderr] 	/Users/tom/.rvm/gems/ruby-2.0.0-p195/gems/rack-protection-1.5.0/lib/rack/protection/json_csrf.rb:18:in `call'
[ 2013-09-06 12:41:42.3398 53133/0x10ba90000 Pool2/Implementation.cpp:1172 ]: [App 59554 stderr] 	/Users/tom/.rvm/gems/ruby-2.0.0-p195/gems/rack-protection-1.5.0/lib/rack/protection/base.rb:49:in `call'
[ 2013-09-06 12:41:42.3398 53133/0x10ba90000 Pool2/Implementation.cpp:1172 ]: [App 59554 stderr] 	/Users/tom/.rvm/gems/ruby-2.0.0-p195/gems/rack-protection-1.5.0/lib/rack/protection/base.rb:49:in `call'
[ 2013-09-06 12:41:42.3398 53133/0x10ba90000 Pool2/Implementation.cpp:1172 ]: [App 59554 stderr] 	/Users/tom/.rvm/gems/ruby-2.0.0-p195/gems/rack-protection-1.5.0/lib/rack/protection/frame_options.rb:31:in `call'
[ 2013-09-06 12:41:42.3398 53133/0x10ba90000 Pool2/Implementation.cpp:1172 ]: [App 59554 stderr] 	/Users/tom/.rvm/gems/ruby-2.0.0-p195/gems/rack-1.5.2/lib/rack/nulllogger.rb:9:in `call'
[ 2013-09-06 12:41:42.3398 53133/0x10ba90000 Pool2/Implementation.cpp:1172 ]: [App 59554 stderr] 	/Users/tom/.rvm/gems/ruby-2.0.0-p195/gems/rack-1.5.2/lib/rack/head.rb:11:in `call'
[ 2013-09-06 12:41:42.3398 53133/0x10ba90000 Pool2/Implementation.cpp:1172 ]: [App 59554 stderr] 	/Users/tom/.rvm/gems/ruby-2.0.0-p195/gems/sinatra-1.4.3/lib/sinatra/showexceptions.rb:21:in `call'
[ 2013-09-06 12:41:42.3398 53133/0x10ba90000 Pool2/Implementation.cpp:1172 ]: [App 59554 stderr] 	/Users/tom/.rvm/gems/ruby-2.0.0-p195/gems/sinatra-1.4.3/lib/sinatra/base.rb:175:in `call'
[ 2013-09-06 12:41:42.3398 53133/0x10ba90000 Pool2/Implementation.cpp:1172 ]: [App 59554 stderr] 	/Users/tom/.rvm/gems/ruby-2.0.0-p195/gems/sinatra-1.4.3/lib/sinatra/base.rb:1949:in `call'
[ 2013-09-06 12:41:42.3399 53133/0x10ba90000 Pool2/Implementation.cpp:1172 ]: [App 59554 stderr] 	/Users/tom/.rvm/gems/ruby-2.0.0-p195/gems/sinatra-1.4.3/lib/sinatra/base.rb:1449:in `block in call'
[ 2013-09-06 12:41:42.3399 53133/0x10ba90000 Pool2/Implementation.cpp:1172 ]: [App 59554 stderr] 	/Users/tom/.rvm/gems/ruby-2.0.0-p195/gems/sinatra-1.4.3/lib/sinatra/base.rb:1726:in `synchronize'
[ 2013-09-06 12:41:42.3399 53133/0x10ba90000 Pool2/Implementation.cpp:1172 ]: [App 59554 stderr] 	/Users/tom/.rvm/gems/ruby-2.0.0-p195/gems/sinatra-1.4.3/lib/sinatra/base.rb:1449:in `call'
[ 2013-09-06 12:41:42.3399 53133/0x10ba90000 Pool2/Implementation.cpp:1172 ]: [App 59554 stderr] 	/Users/tom/.rvm/gems/ruby-2.0.0-p195/gems/passenger-4.0.13/lib/phusion_passenger/rack/thread_handler_extension.rb:77:in `process_request'
[ 2013-09-06 12:41:42.3399 53133/0x10ba90000 Pool2/Implementation.cpp:1172 ]: [App 59554 stderr] 	/Users/tom/.rvm/gems/ruby-2.0.0-p195/gems/passenger-4.0.13/lib/phusion_passenger/request_handler/thread_handler.rb:140:in `accept_and_process_next_request'
[ 2013-09-06 12:41:42.3399 53133/0x10ba90000 Pool2/Implementation.cpp:1172 ]: [App 59554 stderr] 	/Users/tom/.rvm/gems/ruby-2.0.0-p195/gems/passenger-4.0.13/lib/phusion_passenger/request_handler/thread_handler.rb:108:in `main_loop'
[ 2013-09-06 12:41:42.3399 53133/0x10ba90000 Pool2/Implementation.cpp:1172 ]: [App 59554 stderr] 	/Users/tom/.rvm/gems/ruby-2.0.0-p195/gems/passenger-4.0.13/lib/phusion_passenger/request_handler.rb:441:in `block (3 levels) in start_threads'
2013/09/06 12:42:00 [crit] 53138#0: *44 connect() to /tmp/passenger.1.0.53130/generation-0/request failed (2: No such file or directory) while connecting to upstream, client: 127.0.0.1, server: _, request: "GET /update HTTP/1.1", upstream: "passenger:/tmp/passenger.1.0.53130/generation-0/request:", host: "0.0.0.0:3000"
[ 2013-09-06 12:43:01.3327 59860/0x7fff70a2a180 agents/Watchdog/Main.cpp:459 ]: Options: { 'analytics_log_user' => 'nobody', 'default_group' => 'staff', 'default_python' => 'python', 'default_ruby' => '/Users/tom/.rvm/wrappers/ruby-2.0.0-p195/ruby', 'default_user' => 'tom', 'log_level' => '0', 'max_instances_per_app' => '0', 'max_pool_size' => '6', 'passenger_root' => '/var/folders/42/ykrjk1wn3_x7px2nsg_n7bnw0000gn/T/passenger-standalone.144e2f4/locations.ini', 'pool_idle_time' => '300', 'prestart_urls' => 'aHR0cDovLzAuMC4wLjA6MzAwMAA=', 'temp_dir' => '/tmp', 'union_station_gateway_address' => 'gateway.unionstationapp.com', 'union_station_gateway_port' => '443', 'user_switching' => 'false', 'web_server_pid' => '59859', 'web_server_type' => 'nginx', 'web_server_worker_gid' => '-1', 'web_server_worker_uid' => '-1' }
[ 2013-09-06 12:43:01.3460 59862/0x7fff70a2a180 agents/HelperAgent/Main.cpp:602 ]: PassengerHelperAgent online, listening at unix:/tmp/passenger.1.0.59859/generation-0/request
[ 2013-09-06 12:43:01.3513 59864/0x7fff70a2a180 agents/LoggingAgent/Main.cpp:334 ]: PassengerLoggingAgent online, listening at unix:/tmp/passenger.1.0.59859/generation-0/logging
[ 2013-09-06 12:43:01.3514 59860/0x7fff70a2a180 agents/Watchdog/Main.cpp:642 ]: All Phusion Passenger agents started!
[ 2013-09-06 12:43:03.4028 59862/0x1099da000 Pool2/Spawner.h:738 ]: [App 59877 stdout] 
[ 2013-09-06 12:43:03.9249 59862/0x1099da000 Pool2/SmartSpawner.h:301 ]: Preloader for /Users/tom/Develop/citysdk/discovery started on PID 59877, listening on unix:/tmp/passenger.1.0.59859/generation-0/backends/preloader.59877
[ 2013-09-06 12:43:07.1227 59862/0x109a73000 Pool2/Implementation.cpp:1172 ]: [App 59877 stderr] JSON::GeneratorError - only generation of JSON objects or arrays allowed:
[ 2013-09-06 12:43:07.1228 59862/0x109a73000 Pool2/Implementation.cpp:1172 ]: [App 59877 stderr] 	/Users/tom/.rvm/rubies/ruby-2.0.0-p195/lib/ruby/2.0.0/json/common.rb:285:in `generate'
[ 2013-09-06 12:43:07.1228 59862/0x109a73000 Pool2/Implementation.cpp:1172 ]: [App 59877 stderr] 	/Users/tom/.rvm/rubies/ruby-2.0.0-p195/lib/ruby/2.0.0/json/common.rb:285:in `pretty_generate'
[ 2013-09-06 12:43:07.1228 59862/0x109a73000 Pool2/Implementation.cpp:1172 ]: [App 59877 stderr] 	/Users/tom/Develop/citysdk/discovery/utils.rb:38:in `makeGeom'
[ 2013-09-06 12:43:07.1228 59862/0x109a73000 Pool2/Implementation.cpp:1172 ]: [App 59877 stderr] 	/Users/tom/Develop/citysdk/discovery/utils.rb:54:in `update_layer'
[ 2013-09-06 12:43:07.1228 59862/0x109a73000 Pool2/Implementation.cpp:1172 ]: [App 59877 stderr] 	/Users/tom/Develop/citysdk/discovery/utils.rb:68:in `block in update'
[ 2013-09-06 12:43:07.1228 59862/0x109a73000 Pool2/Implementation.cpp:1172 ]: [App 59877 stderr] 	/Users/tom/Develop/citysdk/discovery/utils.rb:67:in `each'
[ 2013-09-06 12:43:07.1228 59862/0x109a73000 Pool2/Implementation.cpp:1172 ]: [App 59877 stderr] 	/Users/tom/Develop/citysdk/discovery/utils.rb:67:in `update'
[ 2013-09-06 12:43:07.1228 59862/0x109a73000 Pool2/Implementation.cpp:1172 ]: [App 59877 stderr] 	/Users/tom/Develop/citysdk/discovery/cat.rb:35:in `block in <class:CSDK_CAT>'
[ 2013-09-06 12:43:07.1228 59862/0x109a73000 Pool2/Implementation.cpp:1172 ]: [App 59877 stderr] 	/Users/tom/.rvm/gems/ruby-2.0.0-p195/gems/sinatra-1.4.3/lib/sinatra/base.rb:1541:in `call'
[ 2013-09-06 12:43:07.1228 59862/0x109a73000 Pool2/Implementation.cpp:1172 ]: [App 59877 stderr] 	/Users/tom/.rvm/gems/ruby-2.0.0-p195/gems/sinatra-1.4.3/lib/sinatra/base.rb:1541:in `block in compile!'
[ 2013-09-06 12:43:07.1228 59862/0x109a73000 Pool2/Implementation.cpp:1172 ]: [App 59877 stderr] 	/Users/tom/.rvm/gems/ruby-2.0.0-p195/gems/sinatra-1.4.3/lib/sinatra/base.rb:950:in `[]'
[ 2013-09-06 12:43:07.1229 59862/0x109a73000 Pool2/Implementation.cpp:1172 ]: [App 59877 stderr] 	/Users/tom/.rvm/gems/ruby-2.0.0-p195/gems/sinatra-1.4.3/lib/sinatra/base.rb:950:in `block (3 levels) in route!'
[ 2013-09-06 12:43:07.1229 59862/0x109a73000 Pool2/Implementation.cpp:1172 ]: [App 59877 stderr] 	/Users/tom/.rvm/gems/ruby-2.0.0-p195/gems/sinatra-1.4.3/lib/sinatra/base.rb:966:in `route_eval'
[ 2013-09-06 12:43:07.1229 59862/0x109a73000 Pool2/Implementation.cpp:1172 ]: [App 59877 stderr] 	/Users/tom/.rvm/gems/ruby-2.0.0-p195/gems/sinatra-1.4.3/lib/sinatra/base.rb:950:in `block (2 levels) in route!'
[ 2013-09-06 12:43:07.1229 59862/0x109a73000 Pool2/Implementation.cpp:1172 ]: [App 59877 stderr] 	/Users/tom/.rvm/gems/ruby-2.0.0-p195/gems/sinatra-1.4.3/lib/sinatra/base.rb:987:in `block in process_route'
[ 2013-09-06 12:43:07.1229 59862/0x109a73000 Pool2/Implementation.cpp:1172 ]: [App 59877 stderr] 	/Users/tom/.rvm/gems/ruby-2.0.0-p195/gems/sinatra-1.4.3/lib/sinatra/base.rb:985:in `catch'
[ 2013-09-06 12:43:07.1229 59862/0x109a73000 Pool2/Implementation.cpp:1172 ]: [App 59877 stderr] 	/Users/tom/.rvm/gems/ruby-2.0.0-p195/gems/sinatra-1.4.3/lib/sinatra/base.rb:985:in `process_route'
[ 2013-09-06 12:43:07.1229 59862/0x109a73000 Pool2/Implementation.cpp:1172 ]: [App 59877 stderr] 	/Users/tom/.rvm/gems/ruby-2.0.0-p195/gems/sinatra-1.4.3/lib/sinatra/base.rb:948:in `block in route!'
[ 2013-09-06 12:43:07.1229 59862/0x109a73000 Pool2/Implementation.cpp:1172 ]: [App 59877 stderr] 	/Users/tom/.rvm/gems/ruby-2.0.0-p195/gems/sinatra-1.4.3/lib/sinatra/base.rb:947:in `each'
[ 2013-09-06 12:43:07.1229 59862/0x109a73000 Pool2/Implementation.cpp:1172 ]: [App 59877 stderr] 	/Users/tom/.rvm/gems/ruby-2.0.0-p195/gems/sinatra-1.4.3/lib/sinatra/base.rb:947:in `route!'
[ 2013-09-06 12:43:07.1229 59862/0x109a73000 Pool2/Implementation.cpp:1172 ]: [App 59877 stderr] 	/Users/tom/.rvm/gems/ruby-2.0.0-p195/gems/sinatra-1.4.3/lib/sinatra/base.rb:1059:in `block in dispatch!'
[ 2013-09-06 12:43:07.1230 59862/0x109a73000 Pool2/Implementation.cpp:1172 ]: [App 59877 stderr] 	/Users/tom/.rvm/gems/ruby-2.0.0-p195/gems/sinatra-1.4.3/lib/sinatra/base.rb:1041:in `block in invoke'
[ 2013-09-06 12:43:07.1230 59862/0x109a73000 Pool2/Implementation.cpp:1172 ]: [App 59877 stderr] 	/Users/tom/.rvm/gems/ruby-2.0.0-p195/gems/sinatra-1.4.3/lib/sinatra/base.rb:1041:in `catch'
[ 2013-09-06 12:43:07.1230 59862/0x109a73000 Pool2/Implementation.cpp:1172 ]: [App 59877 stderr] 	/Users/tom/.rvm/gems/ruby-2.0.0-p195/gems/sinatra-1.4.3/lib/sinatra/base.rb:1041:in `invoke'
[ 2013-09-06 12:43:07.1230 59862/0x109a73000 Pool2/Implementation.cpp:1172 ]: [App 59877 stderr] 	/Users/tom/.rvm/gems/ruby-2.0.0-p195/gems/sinatra-1.4.3/lib/sinatra/base.rb:1056:in `dispatch!'
[ 2013-09-06 12:43:07.1230 59862/0x109a73000 Pool2/Implementation.cpp:1172 ]: [App 59877 stderr] 	/Users/tom/.rvm/gems/ruby-2.0.0-p195/gems/sinatra-1.4.3/lib/sinatra/base.rb:882:in `block in call!'
[ 2013-09-06 12:43:07.1230 59862/0x109a73000 Pool2/Implementation.cpp:1172 ]: [App 59877 stderr] 	/Users/tom/.rvm/gems/ruby-2.0.0-p195/gems/sinatra-1.4.3/lib/sinatra/base.rb:1041:in `block in invoke'
[ 2013-09-06 12:43:07.1230 59862/0x109a73000 Pool2/Implementation.cpp:1172 ]: [App 59877 stderr] 	/Users/tom/.rvm/gems/ruby-2.0.0-p195/gems/sinatra-1.4.3/lib/sinatra/base.rb:1041:in `catch'
[ 2013-09-06 12:43:07.1230 59862/0x109a73000 Pool2/Implementation.cpp:1172 ]: [App 59877 stderr] 	/Users/tom/.rvm/gems/ruby-2.0.0-p195/gems/sinatra-1.4.3/lib/sinatra/base.rb:1041:in `invoke'
[ 2013-09-06 12:43:07.1230 59862/0x109a73000 Pool2/Implementation.cpp:1172 ]: [App 59877 stderr] 	/Users/tom/.rvm/gems/ruby-2.0.0-p195/gems/sinatra-1.4.3/lib/sinatra/base.rb:882:in `call!'
[ 2013-09-06 12:43:07.1230 59862/0x109a73000 Pool2/Implementation.cpp:1172 ]: [App 59877 stderr] 	/Users/tom/.rvm/gems/ruby-2.0.0-p195/gems/sinatra-1.4.3/lib/sinatra/base.rb:870:in `call'
[ 2013-09-06 12:43:07.1231 59862/0x109a73000 Pool2/Implementation.cpp:1172 ]: [App 59877 stderr] 	/Users/tom/.rvm/gems/ruby-2.0.0-p195/gems/rack-protection-1.5.0/lib/rack/protection/xss_header.rb:18:in `call'
[ 2013-09-06 12:43:07.1231 59862/0x109a73000 Pool2/Implementation.cpp:1172 ]: [App 59877 stderr] 	/Users/tom/.rvm/gems/ruby-2.0.0-p195/gems/rack-protection-1.5.0/lib/rack/protection/path_traversal.rb:16:in `call'
[ 2013-09-06 12:43:07.1231 59862/0x109a73000 Pool2/Implementation.cpp:1172 ]: [App 59877 stderr] 	/Users/tom/.rvm/gems/ruby-2.0.0-p195/gems/rack-protection-1.5.0/lib/rack/protection/json_csrf.rb:18:in `call'
[ 2013-09-06 12:43:07.1231 59862/0x109a73000 Pool2/Implementation.cpp:1172 ]: [App 59877 stderr] 	/Users/tom/.rvm/gems/ruby-2.0.0-p195/gems/rack-protection-1.5.0/lib/rack/protection/base.rb:49:in `call'
[ 2013-09-06 12:43:07.1231 59862/0x109a73000 Pool2/Implementation.cpp:1172 ]: [App 59877 stderr] 	/Users/tom/.rvm/gems/ruby-2.0.0-p195/gems/rack-protection-1.5.0/lib/rack/protection/base.rb:49:in `call'
[ 2013-09-06 12:43:07.1231 59862/0x109a73000 Pool2/Implementation.cpp:1172 ]: [App 59877 stderr] 	/Users/tom/.rvm/gems/ruby-2.0.0-p195/gems/rack-protection-1.5.0/lib/rack/protection/frame_options.rb:31:in `call'
[ 2013-09-06 12:43:07.1231 59862/0x109a73000 Pool2/Implementation.cpp:1172 ]: [App 59877 stderr] 	/Users/tom/.rvm/gems/ruby-2.0.0-p195/gems/rack-1.5.2/lib/rack/nulllogger.rb:9:in `call'
[ 2013-09-06 12:43:07.1231 59862/0x109a73000 Pool2/Implementation.cpp:1172 ]: [App 59877 stderr] 	/Users/tom/.rvm/gems/ruby-2.0.0-p195/gems/rack-1.5.2/lib/rack/head.rb:11:in `call'
[ 2013-09-06 12:43:07.1231 59862/0x109a73000 Pool2/Implementation.cpp:1172 ]: [App 59877 stderr] 	/Users/tom/.rvm/gems/ruby-2.0.0-p195/gems/sinatra-1.4.3/lib/sinatra/showexceptions.rb:21:in `call'
[ 2013-09-06 12:43:07.1231 59862/0x109a73000 Pool2/Implementation.cpp:1172 ]: [App 59877 stderr] 	/Users/tom/.rvm/gems/ruby-2.0.0-p195/gems/sinatra-1.4.3/lib/sinatra/base.rb:175:in `call'
[ 2013-09-06 12:43:07.1231 59862/0x109a73000 Pool2/Implementation.cpp:1172 ]: [App 59877 stderr] 	/Users/tom/.rvm/gems/ruby-2.0.0-p195/gems/sinatra-1.4.3/lib/sinatra/base.rb:1949:in `call'
[ 2013-09-06 12:43:07.1232 59862/0x109a73000 Pool2/Implementation.cpp:1172 ]: [App 59877 stderr] 	/Users/tom/.rvm/gems/ruby-2.0.0-p195/gems/sinatra-1.4.3/lib/sinatra/base.rb:1449:in `block in call'
[ 2013-09-06 12:43:07.1232 59862/0x109a73000 Pool2/Implementation.cpp:1172 ]: [App 59877 stderr] 	/Users/tom/.rvm/gems/ruby-2.0.0-p195/gems/sinatra-1.4.3/lib/sinatra/base.rb:1726:in `synchronize'
[ 2013-09-06 12:43:07.1232 59862/0x109a73000 Pool2/Implementation.cpp:1172 ]: [App 59877 stderr] 	/Users/tom/.rvm/gems/ruby-2.0.0-p195/gems/sinatra-1.4.3/lib/sinatra/base.rb:1449:in `call'
[ 2013-09-06 12:43:07.1232 59862/0x109a73000 Pool2/Implementation.cpp:1172 ]: [App 59877 stderr] 	/Users/tom/.rvm/gems/ruby-2.0.0-p195/gems/passenger-4.0.13/lib/phusion_passenger/rack/thread_handler_extension.rb:77:in `process_request'
[ 2013-09-06 12:43:07.1232 59862/0x109a73000 Pool2/Implementation.cpp:1172 ]: [App 59877 stderr] 	/Users/tom/.rvm/gems/ruby-2.0.0-p195/gems/passenger-4.0.13/lib/phusion_passenger/request_handler/thread_handler.rb:140:in `accept_and_process_next_request'
[ 2013-09-06 12:43:07.1232 59862/0x109a73000 Pool2/Implementation.cpp:1172 ]: [App 59877 stderr] 	/Users/tom/.rvm/gems/ruby-2.0.0-p195/gems/passenger-4.0.13/lib/phusion_passenger/request_handler/thread_handler.rb:108:in `main_loop'
[ 2013-09-06 12:43:07.1232 59862/0x109a73000 Pool2/Implementation.cpp:1172 ]: [App 59877 stderr] 	/Users/tom/.rvm/gems/ruby-2.0.0-p195/gems/passenger-4.0.13/lib/phusion_passenger/request_handler.rb:441:in `block (3 levels) in start_threads'
[ 2013-09-06 12:43:34.9734 60014/0x7fff70a2a180 agents/Watchdog/Main.cpp:459 ]: Options: { 'analytics_log_user' => 'nobody', 'default_group' => 'staff', 'default_python' => 'python', 'default_ruby' => '/Users/tom/.rvm/wrappers/ruby-2.0.0-p195/ruby', 'default_user' => 'tom', 'log_level' => '0', 'max_instances_per_app' => '0', 'max_pool_size' => '6', 'passenger_root' => '/var/folders/42/ykrjk1wn3_x7px2nsg_n7bnw0000gn/T/passenger-standalone.37hf95/locations.ini', 'pool_idle_time' => '300', 'prestart_urls' => 'aHR0cDovLzAuMC4wLjA6MzAwMAA=', 'temp_dir' => '/tmp', 'union_station_gateway_address' => 'gateway.unionstationapp.com', 'union_station_gateway_port' => '443', 'user_switching' => 'false', 'web_server_pid' => '60013', 'web_server_type' => 'nginx', 'web_server_worker_gid' => '-1', 'web_server_worker_uid' => '-1' }
[ 2013-09-06 12:43:34.9865 60016/0x7fff70a2a180 agents/HelperAgent/Main.cpp:602 ]: PassengerHelperAgent online, listening at unix:/tmp/passenger.1.0.60013/generation-0/request
[ 2013-09-06 12:43:34.9919 60018/0x7fff70a2a180 agents/LoggingAgent/Main.cpp:334 ]: PassengerLoggingAgent online, listening at unix:/tmp/passenger.1.0.60013/generation-0/logging
[ 2013-09-06 12:43:34.9922 60014/0x7fff70a2a180 agents/Watchdog/Main.cpp:642 ]: All Phusion Passenger agents started!
[ 2013-09-06 12:43:36.1231 60016/0x10d53b000 Pool2/Spawner.h:738 ]: [App 60024 stdout] 
[ 2013-09-06 12:43:36.6622 60016/0x10d53b000 Pool2/SmartSpawner.h:301 ]: Preloader for /Users/tom/Develop/citysdk/discovery started on PID 60024, listening on unix:/tmp/passenger.1.0.60013/generation-0/backends/preloader.60024
[ 2013-09-06 12:43:36.7672 60016/0x10d617000 Pool2/Implementation.cpp:1161 ]: [App 60046 stdout] 
[ 2013-09-06 12:43:36.7674 60016/0x10d5d4000 Pool2/Implementation.cpp:1172 ]: [App 60024 stderr] JSON::GeneratorError - only generation of JSON objects or arrays allowed:
[ 2013-09-06 12:43:36.7675 60016/0x10d5d4000 Pool2/Implementation.cpp:1172 ]: [App 60024 stderr] 	/Users/tom/.rvm/rubies/ruby-2.0.0-p195/lib/ruby/2.0.0/json/common.rb:285:in `generate'
[ 2013-09-06 12:43:36.7675 60016/0x10d5d4000 Pool2/Implementation.cpp:1172 ]: [App 60024 stderr] 	/Users/tom/.rvm/rubies/ruby-2.0.0-p195/lib/ruby/2.0.0/json/common.rb:285:in `pretty_generate'
[ 2013-09-06 12:43:36.7675 60016/0x10d5d4000 Pool2/Implementation.cpp:1172 ]: [App 60024 stderr] 	/Users/tom/Develop/citysdk/discovery/utils.rb:38:in `makeGeom'
[ 2013-09-06 12:43:36.7675 60016/0x10d5d4000 Pool2/Implementation.cpp:1172 ]: [App 60024 stderr] 	/Users/tom/Develop/citysdk/discovery/utils.rb:54:in `update_layer'
[ 2013-09-06 12:43:36.7675 60016/0x10d5d4000 Pool2/Implementation.cpp:1172 ]: [App 60024 stderr] 	/Users/tom/Develop/citysdk/discovery/utils.rb:68:in `block in update'
[ 2013-09-06 12:43:36.7675 60016/0x10d5d4000 Pool2/Implementation.cpp:1172 ]: [App 60024 stderr] 	/Users/tom/Develop/citysdk/discovery/utils.rb:67:in
[ 2013-09-06 12:43:36.7675 60016/0x10d5d4000 Pool2/Implementation.cpp:1172 ]: [App 60024 stderr]  `each'
[ 2013-09-06 12:43:36.7676 60016/0x10d5d4000 Pool2/Implementation.cpp:1172 ]: [App 60024 stderr] 	/Users/tom/Develop/citysdk/discovery/utils.rb:67:in `update'
[ 2013-09-06 12:43:36.7676 60016/0x10d5d4000 Pool2/Implementation.cpp:1172 ]: [App 60024 stderr] 	/Users/tom/Develop/citysdk/discovery/cat.rb:35:in `block in <class:CSDK_CAT>'
[ 2013-09-06 12:43:36.7676 60016/0x10d5d4000 Pool2/Implementation.cpp:1172 ]: [App 60024 stderr] 	/Users/tom/.rvm/gems/ruby-2.0.0-p195/gems/sinatra-1.4.3/lib/sinatra/base.rb:1541:in `call'
[ 2013-09-06 12:43:36.7676 60016/0x10d5d4000 Pool2/Implementation.cpp:1172 ]: [App 60024 stderr] 	/Users/tom/.rvm/gems/ruby-2.0.0-p195/gems/sinatra-1.4.3/lib/sinatra/base.rb:1541:in `block in compile!'
[ 2013-09-06 12:43:36.7676 60016/0x10d5d4000 Pool2/Implementation.cpp:1172 ]: [App 60024 stderr] 	/Users/tom/.rvm/gems/ruby-2.0.0-p195/gems/sinatra-1.4.3/lib/sinatra/base.rb:950:in `[]'
[ 2013-09-06 12:43:36.7676 60016/0x10d5d4000 Pool2/Implementation.cpp:1172 ]: [App 60024 stderr] 	/Users/tom/.rvm/gems/ruby-2.0.0-p195/gems/sinatra-1.4.3/lib/sinatra/base.rb:950:in `block (3 levels) in route!'
[ 2013-09-06 12:43:36.7676 60016/0x10d5d4000 Pool2/Implementation.cpp:1172 ]: [App 60024 stderr] 	/Users/tom/.rvm/gems/ruby-2.0.0-p195/gems/sinatra-1.4.3/lib/sinatra/base.rb:966:in `route_eval'
[ 2013-09-06 12:43:36.7677 60016/0x10d5d4000 Pool2/Implementation.cpp:1172 ]: [App 60024 stderr] 	/Users/tom/.rvm/gems/ruby-2.0.0-p195/gems/sinatra-1.4.3/lib/sinatra/base.rb:950:in `block (2 levels) in route!'
[ 2013-09-06 12:43:36.7677 60016/0x10d5d4000 Pool2/Implementation.cpp:1172 ]: [App 60024 stderr] 	/Users/tom/.rvm/gems/ruby-2.0.0-p195/gems/sinatra-1.4.3/lib/sinatra/base.rb:987:in `block in process_route'
[ 2013-09-06 12:43:36.7677 60016/0x10d5d4000 Pool2/Implementation.cpp:1172 ]: [App 60024 stderr] 	/Users/tom/.rvm/gems/ruby-2.0.0-p195/gems/sinatra-1.4.3/lib/sinatra/base.rb:985:in `catch'
[ 2013-09-06 12:43:36.7677 60016/0x10d5d4000 Pool2/Implementation.cpp:1172 ]: [App 60024 stderr] 	/Users/tom/.rvm/gems/ruby-2.0.0-p195/gems/sinatra-1.4.3/lib/sinatra/base.rb:985:in `process_route'
[ 2013-09-06 12:43:36.7677 60016/0x10d5d4000 Pool2/Implementation.cpp:1172 ]: [App 60024 stderr] 	/Users/tom/.rvm/gems/ruby-2.0.0-p195/gems/sinatra-1.4.3/lib/sinatra/base.rb:948:in `block in route!'
[ 2013-09-06 12:43:36.7677 60016/0x10d5d4000 Pool2/Implementation.cpp:1172 ]: [App 60024 stderr] 	/Users/tom/.rvm/gems/ruby-2.0.0-p195/gems/sinatra-1.4.3/lib/sinatra/base.rb:947:in `each'
[ 2013-09-06 12:43:36.7678 60016/0x10d5d4000 Pool2/Implementation.cpp:1172 ]: [App 60024 stderr] 	/Users/tom/.rvm/gems/ruby-2.0.0-p195/gems/sinatra-1.4.3/lib/sinatra/base.rb:947:in `route!'
[ 2013-09-06 12:43:36.7678 60016/0x10d5d4000 Pool2/Implementation.cpp:1172 ]: [App 60024 stderr] 	/Users/tom/.rvm/gems/ruby-2.0.0-p195/gems/sinatra-1.4.3/lib/sinatra/base.rb:1059:in `block in dispatch!'
[ 2013-09-06 12:43:36.7678 60016/0x10d5d4000 Pool2/Implementation.cpp:1172 ]: [App 60024 stderr] 	/Users/tom/.rvm/gems/ruby-2.0.0-p195/gems/sinatra-1.4.3/lib/sinatra/base.rb:1041:in `block in invoke'
[ 2013-09-06 12:43:36.7678 60016/0x10d5d4000 Pool2/Implementation.cpp:1172 ]: [App 60024 stderr] 	/Users/tom/.rvm/gems/ruby-2.0.0-p195/gems/sinatra-1.4.3/lib/sinatra/base.rb:1041:in `catch'
[ 2013-09-06 12:43:36.7678 60016/0x10d5d4000 Pool2/Implementation.cpp:1172 ]: [App 60024 stderr] 	/Users/tom/.rvm/gems/ruby-2.0.0-p195/gems/sinatra-1.4.3/lib/sinatra/base.rb:1041:in `invoke'
[ 2013-09-06 12:43:36.7678 60016/0x10d5d4000 Pool2/Implementation.cpp:1172 ]: [App 60024 stderr] 	/Users/tom/.rvm/gems/ruby-2.0.0-p195/gems/sinatra-1.4.3/lib/sinatra/base.rb:1056:in `dispatch!'
[ 2013-09-06 12:43:36.7678 60016/0x10d5d4000 Pool2/Implementation.cpp:1172 ]: [App 60024 stderr] 	/Users/tom/.rvm/gems/ruby-2.0.0-p195/gems/sinatra-1.4.3/lib/sinatra/base.rb:882:in `block in call!'
[ 2013-09-06 12:43:36.7678 60016/0x10d5d4000 Pool2/Implementation.cpp:1172 ]: [App 60024 stderr] 	/Users/tom/.rvm/gems/ruby-2.0.0-p195/gems/sinatra-1.4.3/lib/sinatra/base.rb:1041:in `block in invoke'
[ 2013-09-06 12:43:36.7678 60016/0x10d5d4000 Pool2/Implementation.cpp:1172 ]: [App 60024 stderr] 	/Users/tom/.rvm/gems/ruby-2.0.0-p195/gems/sinatra-1.4.3/lib/sinatra/base.rb:1041:in `catch'
[ 2013-09-06 12:43:36.7678 60016/0x10d5d4000 Pool2/Implementation.cpp:1172 ]: [App 60024 stderr] 	/Users/tom/.rvm/gems/ruby-2.0.0-p195/gems/sinatra-1.4.3/lib/sinatra/base.rb:1041:in `invoke'
[ 2013-09-06 12:43:36.7678 60016/0x10d5d4000 Pool2/Implementation.cpp:1172 ]: [App 60024 stderr] 	/Users/tom/.rvm/gems/ruby-2.0.0-p195/gems/sinatra-1.4.3/lib/sinatra/base.rb:882:in `call!'
[ 2013-09-06 12:43:36.7678 60016/0x10d5d4000 Pool2/Implementation.cpp:1172 ]: [App 60024 stderr] 	/Users/tom/.rvm/gems/ruby-2.0.0-p195/gems/sinatra-1.4.3/lib/sinatra/base.rb:870:in `call'
[ 2013-09-06 12:43:36.7678 60016/0x10d5d4000 Pool2/Implementation.cpp:1172 ]: [App 60024 stderr] 	/Users/tom/.rvm/gems/ruby-2.0.0-p195/gems/rack-protection-1.5.0/lib/rack/protection/xss_header.rb:18:in `call'
[ 2013-09-06 12:43:36.7679 60016/0x10d5d4000 Pool2/Implementation.cpp:1172 ]: [App 60024 stderr] 	/Users/tom/.rvm/gems/ruby-2.0.0-p195/gems/rack-protection-1.5.0/lib/rack/protection/path_traversal.rb:16:in `call'
[ 2013-09-06 12:43:36.7679 60016/0x10d5d4000 Pool2/Implementation.cpp:1172 ]: [App 60024 stderr] 	/Users/tom/.rvm/gems/ruby-2.0.0-p195/gems/rack-protection-1.5.0/lib/rack/protection/json_csrf.rb:18:in `call'
[ 2013-09-06 12:43:36.7679 60016/0x10d5d4000 Pool2/Implementation.cpp:1172 ]: [App 60024 stderr] 	/Users/tom/.rvm/gems/ruby-2.0.0-p195/gems/rack-protection-1.5.0/lib/rack/protection/base.rb:49:in `call'
[ 2013-09-06 12:43:36.7679 60016/0x10d5d4000 Pool2/Implementation.cpp:1172 ]: [App 60024 stderr] 	/Users/tom/.rvm/gems/ruby-2.0.0-p195/gems/rack-protection-1.5.0/lib/rack/protection/base.rb:49:in `call'
[ 2013-09-06 12:43:36.7679 60016/0x10d5d4000 Pool2/Implementation.cpp:1172 ]: [App 60024 stderr] 	/Users/tom/.rvm/gems/ruby-2.0.0-p195/gems/rack-protection-1.5.0/lib/rack/protection/frame_options.rb:31:in `call'
[ 2013-09-06 12:43:36.7679 60016/0x10d5d4000 Pool2/Implementation.cpp:1172 ]: [App 60024 stderr] 	/Users/tom/.rvm/gems/ruby-2.0.0-p195/gems/rack-1.5.2/lib/rack/nulllogger.rb:9:in `call'
[ 2013-09-06 12:43:36.7679 60016/0x10d5d4000 Pool2/Implementation.cpp:1172 ]: [App 60024 stderr] 	/Users/tom/.rvm/gems/ruby-2.0.0-p195/gems/rack-1.5.2/lib/rack/head.rb:11:in `call'
[ 2013-09-06 12:43:36.7679 60016/0x10d5d4000 Pool2/Implementation.cpp:1172 ]: [App 60024 stderr] 	/Users/tom/.rvm/gems/ruby-2.0.0-p195/gems/sinatra-1.4.3/lib/sinatra/showexceptions.rb:21:in `call'
[ 2013-09-06 12:43:36.7679 60016/0x10d5d4000 Pool2/Implementation.cpp:1172 ]: [App 60024 stderr] 	/Users/tom/.rvm/gems/ruby-2.0.0-p195/gems/sinatra-1.4.3/lib/sinatra/base.rb:175:in `call'
[ 2013-09-06 12:43:36.7679 60016/0x10d5d4000 Pool2/Implementation.cpp:1172 ]: [App 60024 stderr] 	/Users/tom/.rvm/gems/ruby-2.0.0-p195/gems/sinatra-1.4.3/lib/sinatra/base.rb:1949:in `call'
[ 2013-09-06 12:43:36.7680 60016/0x10d5d4000 Pool2/Implementation.cpp:1172 ]: [App 60024 stderr] 	/Users/tom/.rvm/gems/ruby-2.0.0-p195/gems/sinatra-1.4.3/lib/sinatra/base.rb:1449:in `block in call'
[ 2013-09-06 12:43:36.7680 60016/0x10d5d4000 Pool2/Implementation.cpp:1172 ]: [App 60024 stderr] 	/Users/tom/.rvm/gems/ruby-2.0.0-p195/gems/sinatra-1.4.3/lib/sinatra/base.rb:1726:in `synchronize'
[ 2013-09-06 12:43:36.7680 60016/0x10d5d4000 Pool2/Implementation.cpp:1172 ]: [App 60024 stderr] 	/Users/tom/.rvm/gems/ruby-2.0.0-p195/gems/sinatra-1.4.3/lib/sinatra/base.rb:1449:in `call'
[ 2013-09-06 12:43:36.7680 60016/0x10d5d4000 Pool2/Implementation.cpp:1172 ]: [App 60024 stderr] 	/Users/tom/.rvm/gems/ruby-2.0.0-p195/gems/passenger-4.0.13/lib/phusion_passenger/rack/thread_handler_extension.rb:77:in `process_request'
[ 2013-09-06 12:43:36.7680 60016/0x10d5d4000 Pool2/Implementation.cpp:1172 ]: [App 60024 stderr] 	/Users/tom/.rvm/gems/ruby-2.0.0-p195/gems/passenger-4.0.13/lib/phusion_passenger/request_handler/thread_handler.rb:140:in `accept_and_process_next_request'
[ 2013-09-06 12:43:36.7680 60016/0x10d5d4000 Pool2/Implementation.cpp:1172 ]: [App 60024 stderr] 	/Users/tom/.rvm/gems/ruby-2.0.0-p195/gems/passenger-4.0.13/lib/phusion_passenger/request_handler/thread_handler.rb:108:in `main_loop'
[ 2013-09-06 12:43:36.7680 60016/0x10d5d4000 Pool2/Implementation.cpp:1172 ]: [App 60024 stderr] 	/Users/tom/.rvm/gems/ruby-2.0.0-p195/gems/passenger-4.0.13/lib/phusion_passenger/request_handler.rb:441:in `block (3 levels) in start_threads'
[ 2013-09-06 12:44:50.6699 60464/0x7fff70a2a180 agents/Watchdog/Main.cpp:459 ]: Options: { 'analytics_log_user' => 'nobody', 'default_group' => 'staff', 'default_python' => 'python', 'default_ruby' => '/Users/tom/.rvm/wrappers/ruby-2.0.0-p195/ruby', 'default_user' => 'tom', 'log_level' => '0', 'max_instances_per_app' => '0', 'max_pool_size' => '6', 'passenger_root' => '/var/folders/42/ykrjk1wn3_x7px2nsg_n7bnw0000gn/T/passenger-standalone.mcl9q5/locations.ini', 'pool_idle_time' => '300', 'prestart_urls' => 'aHR0cDovLzAuMC4wLjA6MzAwMAA=', 'temp_dir' => '/tmp', 'union_station_gateway_address' => 'gateway.unionstationapp.com', 'union_station_gateway_port' => '443', 'user_switching' => 'false', 'web_server_pid' => '60462', 'web_server_type' => 'nginx', 'web_server_worker_gid' => '-1', 'web_server_worker_uid' => '-1' }
[ 2013-09-06 12:44:50.6835 60466/0x7fff70a2a180 agents/HelperAgent/Main.cpp:602 ]: PassengerHelperAgent online, listening at unix:/tmp/passenger.1.0.60462/generation-0/request
[ 2013-09-06 12:44:50.6888 60468/0x7fff70a2a180 agents/LoggingAgent/Main.cpp:334 ]: PassengerLoggingAgent online, listening at unix:/tmp/passenger.1.0.60462/generation-0/logging
[ 2013-09-06 12:44:50.6890 60464/0x7fff70a2a180 agents/Watchdog/Main.cpp:642 ]: All Phusion Passenger agents started!
[ 2013-09-06 12:44:52.7412 60466/0x1008e5000 Pool2/Spawner.h:738 ]: [App 60488 stdout] 
[ 2013-09-06 12:44:53.2759 60466/0x1008e5000 Pool2/SmartSpawner.h:301 ]: Preloader for /Users/tom/Develop/citysdk/discovery started on PID 60488, listening on unix:/tmp/passenger.1.0.60462/generation-0/backends/preloader.60488
[ 2013-09-06 12:46:20.3478 60888/0x7fff70a2a180 agents/Watchdog/Main.cpp:459 ]: Options: { 'analytics_log_user' => 'nobody', 'default_group' => 'staff', 'default_python' => 'python', 'default_ruby' => '/Users/tom/.rvm/wrappers/ruby-2.0.0-p195/ruby', 'default_user' => 'tom', 'log_level' => '0', 'max_instances_per_app' => '0', 'max_pool_size' => '6', 'passenger_root' => '/var/folders/42/ykrjk1wn3_x7px2nsg_n7bnw0000gn/T/passenger-standalone.1kvz2p6/locations.ini', 'pool_idle_time' => '300', 'prestart_urls' => 'aHR0cDovLzAuMC4wLjA6MzAwMAA=', 'temp_dir' => '/tmp', 'union_station_gateway_address' => 'gateway.unionstationapp.com', 'union_station_gateway_port' => '443', 'user_switching' => 'false', 'web_server_pid' => '60887', 'web_server_type' => 'nginx', 'web_server_worker_gid' => '-1', 'web_server_worker_uid' => '-1' }
[ 2013-09-06 12:46:20.3610 60890/0x7fff70a2a180 agents/HelperAgent/Main.cpp:602 ]: PassengerHelperAgent online, listening at unix:/tmp/passenger.1.0.60887/generation-0/request
[ 2013-09-06 12:46:20.3666 60892/0x7fff70a2a180 agents/LoggingAgent/Main.cpp:334 ]: PassengerLoggingAgent online, listening at unix:/tmp/passenger.1.0.60887/generation-0/logging
[ 2013-09-06 12:46:20.3667 60888/0x7fff70a2a180 agents/Watchdog/Main.cpp:642 ]: All Phusion Passenger agents started!
[ 2013-09-06 12:46:22.4203 60890/0x10fb31000 Pool2/Spawner.h:738 ]: [App 60913 stdout] 
[ 2013-09-06 12:46:22.9555 60890/0x10fb31000 Pool2/SmartSpawner.h:301 ]: Preloader for /Users/tom/Develop/citysdk/discovery started on PID 60913, listening on unix:/tmp/passenger.1.0.60887/generation-0/backends/preloader.60913
